This is pdfTeX, Version 3.14159265-2.6-1.40.20 (TeX Live 2019/Debian) (preloaded format=pdflatex 2020.8.19)  29 OCT 2021 18:23
entering extended mode
 restricted \write18 enabled.
 %&-line parsing enabled.
**opt.tex
(./opt.tex
LaTeX2e <2020-02-02> patch level 2
L3 programming layer <2020-02-14>
(/usr/share/texlive/texmf-dist/tex/latex/beamer/beamer.cls
Document Class: beamer 2019/09/29 v3.57 A class for typesetting presentations
(/usr/share/texlive/texmf-dist/tex/latex/beamer/beamerbasemodes.sty
(/usr/share/texlive/texmf-dist/tex/latex/etoolbox/etoolbox.sty
Package: etoolbox 2019/09/21 v2.5h e-TeX tools for LaTeX (JAW)
\etb@tempcnta=\count167
)
\beamer@tempbox=\box45
\beamer@tempcount=\count168
\c@beamerpauses=\count169

(/usr/share/texlive/texmf-dist/tex/latex/beamer/beamerbasedecode.sty
\beamer@slideinframe=\count170
\beamer@minimum=\count171
\beamer@decode@box=\box46
)
\beamer@commentbox=\box47
\beamer@modecount=\count172
)
(/usr/share/texlive/texmf-dist/tex/generic/iftex/ifpdf.sty
Package: ifpdf 2019/10/25 v3.4 ifpdf legacy package. Use iftex instead.

(/usr/share/texlive/texmf-dist/tex/generic/iftex/iftex.sty
Package: iftex 2019/11/07 v1.0c TeX engine tests
))
\headdp=\dimen134
\footheight=\dimen135
\sidebarheight=\dimen136
\beamer@tempdim=\dimen137
\beamer@finalheight=\dimen138
\beamer@animht=\dimen139
\beamer@animdp=\dimen140
\beamer@animwd=\dimen141
\beamer@leftmargin=\dimen142
\beamer@rightmargin=\dimen143
\beamer@leftsidebar=\dimen144
\beamer@rightsidebar=\dimen145
\beamer@boxsize=\dimen146
\beamer@vboxoffset=\dimen147
\beamer@descdefault=\dimen148
\beamer@descriptionwidth=\dimen149
\beamer@lastskip=\skip47
\beamer@areabox=\box48
\beamer@animcurrent=\box49
\beamer@animshowbox=\box50
\beamer@sectionbox=\box51
\beamer@logobox=\box52
\beamer@linebox=\box53
\beamer@sectioncount=\count173
\beamer@subsubsectionmax=\count174
\beamer@subsectionmax=\count175
\beamer@sectionmax=\count176
\beamer@totalheads=\count177
\beamer@headcounter=\count178
\beamer@partstartpage=\count179
\beamer@sectionstartpage=\count180
\beamer@subsectionstartpage=\count181
\beamer@animationtempa=\count182
\beamer@animationtempb=\count183
\beamer@xpos=\count184
\beamer@ypos=\count185
\beamer@ypos@offset=\count186
\beamer@showpartnumber=\count187
\beamer@currentsubsection=\count188
\beamer@coveringdepth=\count189
\beamer@sectionadjust=\count190
\beamer@tocsectionnumber=\count191

(/usr/share/texlive/texmf-dist/tex/latex/beamer/beamerbaseoptions.sty
(/usr/share/texlive/texmf-dist/tex/latex/graphics/keyval.sty
Package: keyval 2014/10/28 v1.15 key=value parser (DPC)
\KV@toks@=\toks14
))
\beamer@paperwidth=\skip48
\beamer@paperheight=\skip49

(/usr/share/texlive/texmf-dist/tex/latex/geometry/geometry.sty
Package: geometry 2020/01/02 v5.9 Page Geometry

(/usr/share/texlive/texmf-dist/tex/generic/iftex/ifvtex.sty
Package: ifvtex 2019/10/25 v1.7 ifvtex legacy package. Use iftex instead.
)
\Gm@cnth=\count192
\Gm@cntv=\count193
\c@Gm@tempcnt=\count194
\Gm@bindingoffset=\dimen150
\Gm@wd@mp=\dimen151
\Gm@odd@mp=\dimen152
\Gm@even@mp=\dimen153
\Gm@layoutwidth=\dimen154
\Gm@layoutheight=\dimen155
\Gm@layouthoffset=\dimen156
\Gm@layoutvoffset=\dimen157
\Gm@dimlist=\toks15
)
(/usr/share/texlive/texmf-dist/tex/latex/base/size11.clo
File: size11.clo 2019/12/20 v1.4l Standard LaTeX file (size option)
)
(/usr/share/texlive/texmf-dist/tex/latex/pgf/basiclayer/pgfcore.sty
(/usr/share/texlive/texmf-dist/tex/latex/graphics/graphicx.sty
Package: graphicx 2019/11/30 v1.2a Enhanced LaTeX Graphics (DPC,SPQR)

(/usr/share/texlive/texmf-dist/tex/latex/graphics/graphics.sty
Package: graphics 2019/11/30 v1.4a Standard LaTeX Graphics (DPC,SPQR)

(/usr/share/texlive/texmf-dist/tex/latex/graphics/trig.sty
Package: trig 2016/01/03 v1.10 sin cos tan (DPC)
)
(/usr/share/texlive/texmf-dist/tex/latex/graphics-cfg/graphics.cfg
File: graphics.cfg 2016/06/04 v1.11 sample graphics configuration
)
Package graphics Info: Driver file: pdftex.def on input line 105.

(/usr/share/texlive/texmf-dist/tex/latex/graphics-def/pdftex.def
File: pdftex.def 2018/01/08 v1.0l Graphics/color driver for pdftex
))
\Gin@req@height=\dimen158
\Gin@req@width=\dimen159
)
(/usr/share/texlive/texmf-dist/tex/latex/pgf/systemlayer/pgfsys.sty
(/usr/share/texlive/texmf-dist/tex/latex/pgf/utilities/pgfrcs.sty
(/usr/share/texlive/texmf-dist/tex/generic/pgf/utilities/pgfutil-common.tex
\pgfutil@everybye=\toks16
\pgfutil@tempdima=\dimen160
\pgfutil@tempdimb=\dimen161

(/usr/share/texlive/texmf-dist/tex/generic/pgf/utilities/pgfutil-common-lists.t
ex)) (/usr/share/texlive/texmf-dist/tex/generic/pgf/utilities/pgfutil-latex.def
\pgfutil@abb=\box54
(/usr/share/texlive/texmf-dist/tex/latex/ms/everyshi.sty
Package: everyshi 2001/05/15 v3.00 EveryShipout Package (MS)
))
(/usr/share/texlive/texmf-dist/tex/generic/pgf/utilities/pgfrcs.code.tex
(/usr/share/texlive/texmf-dist/tex/generic/pgf/pgf.revision.tex)
Package: pgfrcs 2020/01/08 v3.1.5b (3.1.5b)
))
(/usr/share/texlive/texmf-dist/tex/generic/pgf/systemlayer/pgfsys.code.tex
Package: pgfsys 2020/01/08 v3.1.5b (3.1.5b)

(/usr/share/texlive/texmf-dist/tex/generic/pgf/utilities/pgfkeys.code.tex
\pgfkeys@pathtoks=\toks17
\pgfkeys@temptoks=\toks18

(/usr/share/texlive/texmf-dist/tex/generic/pgf/utilities/pgfkeysfiltered.code.t
ex
\pgfkeys@tmptoks=\toks19
))
\pgf@x=\dimen162
\pgf@y=\dimen163
\pgf@xa=\dimen164
\pgf@ya=\dimen165
\pgf@xb=\dimen166
\pgf@yb=\dimen167
\pgf@xc=\dimen168
\pgf@yc=\dimen169
\pgf@xd=\dimen170
\pgf@yd=\dimen171
\w@pgf@writea=\write3
\r@pgf@reada=\read2
\c@pgf@counta=\count195
\c@pgf@countb=\count196
\c@pgf@countc=\count197
\c@pgf@countd=\count198
\t@pgf@toka=\toks20
\t@pgf@tokb=\toks21
\t@pgf@tokc=\toks22
\pgf@sys@id@count=\count199
 (/usr/share/texlive/texmf-dist/tex/generic/pgf/systemlayer/pgf.cfg
File: pgf.cfg 2020/01/08 v3.1.5b (3.1.5b)
)
Driver file for pgf: pgfsys-pdftex.def

(/usr/share/texlive/texmf-dist/tex/generic/pgf/systemlayer/pgfsys-pdftex.def
File: pgfsys-pdftex.def 2020/01/08 v3.1.5b (3.1.5b)

(/usr/share/texlive/texmf-dist/tex/generic/pgf/systemlayer/pgfsys-common-pdf.de
f
File: pgfsys-common-pdf.def 2020/01/08 v3.1.5b (3.1.5b)
)))
(/usr/share/texlive/texmf-dist/tex/generic/pgf/systemlayer/pgfsyssoftpath.code.
tex
File: pgfsyssoftpath.code.tex 2020/01/08 v3.1.5b (3.1.5b)
\pgfsyssoftpath@smallbuffer@items=\count266
\pgfsyssoftpath@bigbuffer@items=\count267
)
(/usr/share/texlive/texmf-dist/tex/generic/pgf/systemlayer/pgfsysprotocol.code.
tex
File: pgfsysprotocol.code.tex 2020/01/08 v3.1.5b (3.1.5b)
)) (/usr/share/texlive/texmf-dist/tex/latex/xcolor/xcolor.sty
Package: xcolor 2016/05/11 v2.12 LaTeX color extensions (UK)

(/usr/share/texlive/texmf-dist/tex/latex/graphics-cfg/color.cfg
File: color.cfg 2016/01/02 v1.6 sample color configuration
)
Package xcolor Info: Driver file: pdftex.def on input line 225.
Package xcolor Info: Model `cmy' substituted by `cmy0' on input line 1348.
Package xcolor Info: Model `hsb' substituted by `rgb' on input line 1352.
Package xcolor Info: Model `RGB' extended on input line 1364.
Package xcolor Info: Model `HTML' substituted by `rgb' on input line 1366.
Package xcolor Info: Model `Hsb' substituted by `hsb' on input line 1367.
Package xcolor Info: Model `tHsb' substituted by `hsb' on input line 1368.
Package xcolor Info: Model `HSB' substituted by `hsb' on input line 1369.
Package xcolor Info: Model `Gray' substituted by `gray' on input line 1370.
Package xcolor Info: Model `wave' substituted by `hsb' on input line 1371.
)
(/usr/share/texlive/texmf-dist/tex/generic/pgf/basiclayer/pgfcore.code.tex
Package: pgfcore 2020/01/08 v3.1.5b (3.1.5b)

(/usr/share/texlive/texmf-dist/tex/generic/pgf/math/pgfmath.code.tex
(/usr/share/texlive/texmf-dist/tex/generic/pgf/math/pgfmathcalc.code.tex
(/usr/share/texlive/texmf-dist/tex/generic/pgf/math/pgfmathutil.code.tex)
(/usr/share/texlive/texmf-dist/tex/generic/pgf/math/pgfmathparser.code.tex
\pgfmath@dimen=\dimen172
\pgfmath@count=\count268
\pgfmath@box=\box55
\pgfmath@toks=\toks23
\pgfmath@stack@operand=\toks24
\pgfmath@stack@operation=\toks25
)
(/usr/share/texlive/texmf-dist/tex/generic/pgf/math/pgfmathfunctions.code.tex
(/usr/share/texlive/texmf-dist/tex/generic/pgf/math/pgfmathfunctions.basic.code
.tex)
(/usr/share/texlive/texmf-dist/tex/generic/pgf/math/pgfmathfunctions.trigonomet
ric.code.tex)
(/usr/share/texlive/texmf-dist/tex/generic/pgf/math/pgfmathfunctions.random.cod
e.tex)
(/usr/share/texlive/texmf-dist/tex/generic/pgf/math/pgfmathfunctions.comparison
.code.tex)
(/usr/share/texlive/texmf-dist/tex/generic/pgf/math/pgfmathfunctions.base.code.
tex)
(/usr/share/texlive/texmf-dist/tex/generic/pgf/math/pgfmathfunctions.round.code
.tex)
(/usr/share/texlive/texmf-dist/tex/generic/pgf/math/pgfmathfunctions.misc.code.
tex)
(/usr/share/texlive/texmf-dist/tex/generic/pgf/math/pgfmathfunctions.integerari
thmetics.code.tex)))
(/usr/share/texlive/texmf-dist/tex/generic/pgf/math/pgfmathfloat.code.tex
\c@pgfmathroundto@lastzeros=\count269
))
(/usr/share/texlive/texmf-dist/tex/generic/pgf/math/pgfint.code.tex)
(/usr/share/texlive/texmf-dist/tex/generic/pgf/basiclayer/pgfcorepoints.code.te
x
File: pgfcorepoints.code.tex 2020/01/08 v3.1.5b (3.1.5b)
\pgf@picminx=\dimen173
\pgf@picmaxx=\dimen174
\pgf@picminy=\dimen175
\pgf@picmaxy=\dimen176
\pgf@pathminx=\dimen177
\pgf@pathmaxx=\dimen178
\pgf@pathminy=\dimen179
\pgf@pathmaxy=\dimen180
\pgf@xx=\dimen181
\pgf@xy=\dimen182
\pgf@yx=\dimen183
\pgf@yy=\dimen184
\pgf@zx=\dimen185
\pgf@zy=\dimen186
)
(/usr/share/texlive/texmf-dist/tex/generic/pgf/basiclayer/pgfcorepathconstruct.
code.tex
File: pgfcorepathconstruct.code.tex 2020/01/08 v3.1.5b (3.1.5b)
\pgf@path@lastx=\dimen187
\pgf@path@lasty=\dimen188
)
(/usr/share/texlive/texmf-dist/tex/generic/pgf/basiclayer/pgfcorepathusage.code
.tex
File: pgfcorepathusage.code.tex 2020/01/08 v3.1.5b (3.1.5b)
\pgf@shorten@end@additional=\dimen189
\pgf@shorten@start@additional=\dimen190
)
(/usr/share/texlive/texmf-dist/tex/generic/pgf/basiclayer/pgfcorescopes.code.te
x
File: pgfcorescopes.code.tex 2020/01/08 v3.1.5b (3.1.5b)
\pgfpic=\box56
\pgf@hbox=\box57
\pgf@layerbox@main=\box58
\pgf@picture@serial@count=\count270
)
(/usr/share/texlive/texmf-dist/tex/generic/pgf/basiclayer/pgfcoregraphicstate.c
ode.tex
File: pgfcoregraphicstate.code.tex 2020/01/08 v3.1.5b (3.1.5b)
\pgflinewidth=\dimen191
)
(/usr/share/texlive/texmf-dist/tex/generic/pgf/basiclayer/pgfcoretransformation
s.code.tex
File: pgfcoretransformations.code.tex 2020/01/08 v3.1.5b (3.1.5b)
\pgf@pt@x=\dimen192
\pgf@pt@y=\dimen193
\pgf@pt@temp=\dimen194
)
(/usr/share/texlive/texmf-dist/tex/generic/pgf/basiclayer/pgfcorequick.code.tex
File: pgfcorequick.code.tex 2020/01/08 v3.1.5b (3.1.5b)
)
(/usr/share/texlive/texmf-dist/tex/generic/pgf/basiclayer/pgfcoreobjects.code.t
ex
File: pgfcoreobjects.code.tex 2020/01/08 v3.1.5b (3.1.5b)
)
(/usr/share/texlive/texmf-dist/tex/generic/pgf/basiclayer/pgfcorepathprocessing
.code.tex
File: pgfcorepathprocessing.code.tex 2020/01/08 v3.1.5b (3.1.5b)
)
(/usr/share/texlive/texmf-dist/tex/generic/pgf/basiclayer/pgfcorearrows.code.te
x
File: pgfcorearrows.code.tex 2020/01/08 v3.1.5b (3.1.5b)
\pgfarrowsep=\dimen195
)
(/usr/share/texlive/texmf-dist/tex/generic/pgf/basiclayer/pgfcoreshade.code.tex
File: pgfcoreshade.code.tex 2020/01/08 v3.1.5b (3.1.5b)
\pgf@max=\dimen196
\pgf@sys@shading@range@num=\count271
\pgf@shadingcount=\count272
)
(/usr/share/texlive/texmf-dist/tex/generic/pgf/basiclayer/pgfcoreimage.code.tex
File: pgfcoreimage.code.tex 2020/01/08 v3.1.5b (3.1.5b)

(/usr/share/texlive/texmf-dist/tex/generic/pgf/basiclayer/pgfcoreexternal.code.
tex
File: pgfcoreexternal.code.tex 2020/01/08 v3.1.5b (3.1.5b)
\pgfexternal@startupbox=\box59
))
(/usr/share/texlive/texmf-dist/tex/generic/pgf/basiclayer/pgfcorelayers.code.te
x
File: pgfcorelayers.code.tex 2020/01/08 v3.1.5b (3.1.5b)
)
(/usr/share/texlive/texmf-dist/tex/generic/pgf/basiclayer/pgfcoretransparency.c
ode.tex
File: pgfcoretransparency.code.tex 2020/01/08 v3.1.5b (3.1.5b)
)
(/usr/share/texlive/texmf-dist/tex/generic/pgf/basiclayer/pgfcorepatterns.code.
tex
File: pgfcorepatterns.code.tex 2020/01/08 v3.1.5b (3.1.5b)
)
(/usr/share/texlive/texmf-dist/tex/generic/pgf/basiclayer/pgfcorerdf.code.tex
File: pgfcorerdf.code.tex 2020/01/08 v3.1.5b (3.1.5b)
))) (/usr/share/texlive/texmf-dist/tex/latex/pgf/utilities/xxcolor.sty
Package: xxcolor 2003/10/24 ver 0.1
\XC@nummixins=\count273
\XC@countmixins=\count274
)
(/usr/share/texlive/texmf-dist/tex/generic/atbegshi/atbegshi.sty
Package: atbegshi 2019/12/05 v1.19 At begin shipout hook (HO)

(/usr/share/texlive/texmf-dist/tex/generic/infwarerr/infwarerr.sty
Package: infwarerr 2019/12/03 v1.5 Providing info/warning/error messages (HO)
)
(/usr/share/texlive/texmf-dist/tex/generic/ltxcmds/ltxcmds.sty
Package: ltxcmds 2019/12/15 v1.24 LaTeX kernel commands for general use (HO)
))
(/usr/share/texlive/texmf-dist/tex/latex/hyperref/hyperref.sty
Package: hyperref 2020/01/14 v7.00d Hypertext links for LaTeX

(/usr/share/texlive/texmf-dist/tex/latex/pdftexcmds/pdftexcmds.sty
Package: pdftexcmds 2019/11/24 v0.31 Utility functions of pdfTeX for LuaTeX (HO
)
Package pdftexcmds Info: \pdf@primitive is available.
Package pdftexcmds Info: \pdf@ifprimitive is available.
Package pdftexcmds Info: \pdfdraftmode found.
)
(/usr/share/texlive/texmf-dist/tex/generic/kvsetkeys/kvsetkeys.sty
Package: kvsetkeys 2019/12/15 v1.18 Key value parser (HO)
)
(/usr/share/texlive/texmf-dist/tex/generic/kvdefinekeys/kvdefinekeys.sty
Package: kvdefinekeys 2019-12-19 v1.6 Define keys (HO)
)
(/usr/share/texlive/texmf-dist/tex/generic/pdfescape/pdfescape.sty
Package: pdfescape 2019/12/09 v1.15 Implements pdfTeX's escape features (HO)
)
(/usr/share/texlive/texmf-dist/tex/latex/hycolor/hycolor.sty
Package: hycolor 2020-01-27 v1.10 Color options for hyperref/bookmark (HO)
)
(/usr/share/texlive/texmf-dist/tex/latex/letltxmacro/letltxmacro.sty
Package: letltxmacro 2019/12/03 v1.6 Let assignment for LaTeX macros (HO)
)
(/usr/share/texlive/texmf-dist/tex/latex/auxhook/auxhook.sty
Package: auxhook 2019-12-17 v1.6 Hooks for auxiliary files (HO)
)
(/usr/share/texlive/texmf-dist/tex/latex/kvoptions/kvoptions.sty
Package: kvoptions 2019/11/29 v3.13 Key value format for package options (HO)
)
\@linkdim=\dimen197
\Hy@linkcounter=\count275
\Hy@pagecounter=\count276

(/usr/share/texlive/texmf-dist/tex/latex/hyperref/pd1enc.def
File: pd1enc.def 2020/01/14 v7.00d Hyperref: PDFDocEncoding definition (HO)
Now handling font encoding PD1 ...
... no UTF-8 mapping file for font encoding PD1
)
(/usr/share/texlive/texmf-dist/tex/generic/intcalc/intcalc.sty
Package: intcalc 2019/12/15 v1.3 Expandable calculations with integers (HO)
)
(/usr/share/texlive/texmf-dist/tex/generic/etexcmds/etexcmds.sty
Package: etexcmds 2019/12/15 v1.7 Avoid name clashes with e-TeX commands (HO)
)
\Hy@SavedSpaceFactor=\count277
\pdfmajorversion=\count278
Package hyperref Info: Option `bookmarks' set `true' on input line 4421.
Package hyperref Info: Option `bookmarksopen' set `true' on input line 4421.
Package hyperref Info: Option `implicit' set `false' on input line 4421.
Package hyperref Info: Hyper figures OFF on input line 4547.
Package hyperref Info: Link nesting OFF on input line 4552.
Package hyperref Info: Hyper index ON on input line 4555.
Package hyperref Info: Plain pages OFF on input line 4562.
Package hyperref Info: Backreferencing OFF on input line 4567.
Package hyperref Info: Implicit mode OFF; no redefinition of LaTeX internals.
Package hyperref Info: Bookmarks ON on input line 4800.
\c@Hy@tempcnt=\count279

(/usr/share/texlive/texmf-dist/tex/latex/url/url.sty
\Urlmuskip=\muskip16
Package: url 2013/09/16  ver 3.4  Verb mode for urls, etc.
)
LaTeX Info: Redefining \url on input line 5159.
\XeTeXLinkMargin=\dimen198

(/usr/share/texlive/texmf-dist/tex/generic/bitset/bitset.sty
Package: bitset 2019/12/09 v1.3 Handle bit-vector datatype (HO)

(/usr/share/texlive/texmf-dist/tex/generic/bigintcalc/bigintcalc.sty
Package: bigintcalc 2019/12/15 v1.5 Expandable calculations on big integers (HO
)
))
\Fld@menulength=\count280
\Field@Width=\dimen199
\Fld@charsize=\dimen256
Package hyperref Info: Hyper figures OFF on input line 6430.
Package hyperref Info: Link nesting OFF on input line 6435.
Package hyperref Info: Hyper index ON on input line 6438.
Package hyperref Info: backreferencing OFF on input line 6445.
Package hyperref Info: Link coloring OFF on input line 6450.
Package hyperref Info: Link coloring with OCG OFF on input line 6455.
Package hyperref Info: PDF/A mode OFF on input line 6460.
LaTeX Info: Redefining \ref on input line 6500.
LaTeX Info: Redefining \pageref on input line 6504.
\Hy@abspage=\count281


Package hyperref Message: Stopped early.

)
Package hyperref Info: Driver (autodetected): hpdftex.
 (/usr/share/texlive/texmf-dist/tex/latex/hyperref/hpdftex.def
File: hpdftex.def 2020/01/14 v7.00d Hyperref driver for pdfTeX

(/usr/share/texlive/texmf-dist/tex/latex/atveryend/atveryend.sty
Package: atveryend 2019-12-11 v1.11 Hooks at the very end of document (HO)
)
\Fld@listcount=\count282
\c@bookmark@seq@number=\count283

(/usr/share/texlive/texmf-dist/tex/latex/rerunfilecheck/rerunfilecheck.sty
Package: rerunfilecheck 2019/12/05 v1.9 Rerun checks for auxiliary files (HO)

(/usr/share/texlive/texmf-dist/tex/generic/uniquecounter/uniquecounter.sty
Package: uniquecounter 2019/12/15 v1.4 Provide unlimited unique counter (HO)
)
Package uniquecounter Info: New unique counter `rerunfilecheck' on input line 2
86.
))
(/usr/share/texlive/texmf-dist/tex/latex/beamer/beamerbaserequires.sty
(/usr/share/texlive/texmf-dist/tex/latex/beamer/beamerbasecompatibility.sty)
(/usr/share/texlive/texmf-dist/tex/latex/beamer/beamerbasefont.sty
(/usr/share/texlive/texmf-dist/tex/latex/amsfonts/amssymb.sty
Package: amssymb 2013/01/14 v3.01 AMS font symbols

(/usr/share/texlive/texmf-dist/tex/latex/amsfonts/amsfonts.sty
Package: amsfonts 2013/01/14 v3.01 Basic AMSFonts support
\@emptytoks=\toks26
\symAMSa=\mathgroup4
\symAMSb=\mathgroup5
LaTeX Font Info:    Redeclaring math symbol \hbar on input line 98.
LaTeX Font Info:    Overwriting math alphabet `\mathfrak' in version `bold'
(Font)                  U/euf/m/n --> U/euf/b/n on input line 106.
))
(/usr/share/texlive/texmf-dist/tex/latex/sansmathaccent/sansmathaccent.sty
Package: sansmathaccent 2020/01/31

(/usr/share/texlive/texmf-dist/tex/latex/koma-script/scrlfile.sty
Package: scrlfile 2020/01/24 v3.29 KOMA-Script package (loading files)
)))
(/usr/share/texlive/texmf-dist/tex/latex/beamer/beamerbasetranslator.sty
(/usr/share/texlive/texmf-dist/tex/latex/translator/translator.sty
Package: translator 2019-05-31 v1.12a Easy translation of strings in LaTeX
))
(/usr/share/texlive/texmf-dist/tex/latex/beamer/beamerbasemisc.sty)
(/usr/share/texlive/texmf-dist/tex/latex/beamer/beamerbasetwoscreens.sty)
(/usr/share/texlive/texmf-dist/tex/latex/beamer/beamerbaseoverlay.sty
\beamer@argscount=\count284
\beamer@lastskipcover=\skip50
\beamer@trivlistdepth=\count285
)
(/usr/share/texlive/texmf-dist/tex/latex/beamer/beamerbasetitle.sty)
(/usr/share/texlive/texmf-dist/tex/latex/beamer/beamerbasesection.sty
\c@lecture=\count286
\c@part=\count287
\c@section=\count288
\c@subsection=\count289
\c@subsubsection=\count290
)
(/usr/share/texlive/texmf-dist/tex/latex/beamer/beamerbaseframe.sty
\beamer@framebox=\box60
\beamer@frametitlebox=\box61
\beamer@zoombox=\box62
\beamer@zoomcount=\count291
\beamer@zoomframecount=\count292
\beamer@frametextheight=\dimen257
\c@subsectionslide=\count293
\beamer@frametopskip=\skip51
\beamer@framebottomskip=\skip52
\beamer@frametopskipautobreak=\skip53
\beamer@framebottomskipautobreak=\skip54
\beamer@envbody=\toks27
\framewidth=\dimen258
\c@framenumber=\count294
)
(/usr/share/texlive/texmf-dist/tex/latex/beamer/beamerbaseverbatim.sty
\beamer@verbatimfileout=\write4
)
(/usr/share/texlive/texmf-dist/tex/latex/beamer/beamerbaseframesize.sty
\beamer@splitbox=\box63
\beamer@autobreakcount=\count295
\beamer@autobreaklastheight=\dimen259
\beamer@frametitletoks=\toks28
\beamer@framesubtitletoks=\toks29
)
(/usr/share/texlive/texmf-dist/tex/latex/beamer/beamerbaseframecomponents.sty
\beamer@footins=\box64
)
(/usr/share/texlive/texmf-dist/tex/latex/beamer/beamerbasecolor.sty)
(/usr/share/texlive/texmf-dist/tex/latex/beamer/beamerbasenotes.sty
\beamer@frameboxcopy=\box65
)
(/usr/share/texlive/texmf-dist/tex/latex/beamer/beamerbasetoc.sty)
(/usr/share/texlive/texmf-dist/tex/latex/beamer/beamerbasetemplates.sty
\beamer@sbttoks=\toks30

(/usr/share/texlive/texmf-dist/tex/latex/beamer/beamerbaseauxtemplates.sty
(/usr/share/texlive/texmf-dist/tex/latex/beamer/beamerbaseboxes.sty
\bmb@box=\box66
\bmb@colorbox=\box67
\bmb@boxshadow=\box68
\bmb@boxshadowball=\box69
\bmb@boxshadowballlarge=\box70
\bmb@temp=\dimen260
\bmb@dima=\dimen261
\bmb@dimb=\dimen262
\bmb@prevheight=\dimen263
)
\beamer@blockheadheight=\dimen264
))
(/usr/share/texlive/texmf-dist/tex/latex/beamer/beamerbaselocalstructure.sty
(/usr/share/texlive/texmf-dist/tex/latex/tools/enumerate.sty
Package: enumerate 2015/07/23 v3.00 enumerate extensions (DPC)
\@enLab=\toks31
)
\c@figure=\count296
\c@table=\count297
\abovecaptionskip=\skip55
\belowcaptionskip=\skip56
)
(/usr/share/texlive/texmf-dist/tex/latex/beamer/beamerbasenavigation.sty
\beamer@section@min@dim=\dimen265
)
(/usr/share/texlive/texmf-dist/tex/latex/beamer/beamerbasetheorems.sty
(/usr/share/texlive/texmf-dist/tex/latex/amsmath/amsmath.sty
Package: amsmath 2020/01/20 v2.17e AMS math features
\@mathmargin=\skip57

For additional information on amsmath, use the `?' option.
(/usr/share/texlive/texmf-dist/tex/latex/amsmath/amstext.sty
Package: amstext 2000/06/29 v2.01 AMS text

(/usr/share/texlive/texmf-dist/tex/latex/amsmath/amsgen.sty
File: amsgen.sty 1999/11/30 v2.0 generic functions
\@emptytoks=\toks32
\ex@=\dimen266
))
(/usr/share/texlive/texmf-dist/tex/latex/amsmath/amsbsy.sty
Package: amsbsy 1999/11/29 v1.2d Bold Symbols
\pmbraise@=\dimen267
)
(/usr/share/texlive/texmf-dist/tex/latex/amsmath/amsopn.sty
Package: amsopn 2016/03/08 v2.02 operator names
)
\inf@bad=\count298
LaTeX Info: Redefining \frac on input line 227.
\uproot@=\count299
\leftroot@=\count300
LaTeX Info: Redefining \overline on input line 389.
\classnum@=\count301
\DOTSCASE@=\count302
LaTeX Info: Redefining \ldots on input line 486.
LaTeX Info: Redefining \dots on input line 489.
LaTeX Info: Redefining \cdots on input line 610.
\Mathstrutbox@=\box71
\strutbox@=\box72
\big@size=\dimen268
LaTeX Font Info:    Redeclaring font encoding OML on input line 733.
LaTeX Font Info:    Redeclaring font encoding OMS on input line 734.
\macc@depth=\count303
\c@MaxMatrixCols=\count304
\dotsspace@=\muskip17
\c@parentequation=\count305
\dspbrk@lvl=\count306
\tag@help=\toks33
\row@=\count307
\column@=\count308
\maxfields@=\count309
\andhelp@=\toks34
\eqnshift@=\dimen269
\alignsep@=\dimen270
\tagshift@=\dimen271
\tagwidth@=\dimen272
\totwidth@=\dimen273
\lineht@=\dimen274
\@envbody=\toks35
\multlinegap=\skip58
\multlinetaggap=\skip59
\mathdisplay@stack=\toks36
LaTeX Info: Redefining \[ on input line 2859.
LaTeX Info: Redefining \] on input line 2860.
)
(/usr/share/texlive/texmf-dist/tex/latex/amscls/amsthm.sty
Package: amsthm 2017/10/31 v2.20.4
\thm@style=\toks37
\thm@bodyfont=\toks38
\thm@headfont=\toks39
\thm@notefont=\toks40
\thm@headpunct=\toks41
\thm@preskip=\skip60
\thm@postskip=\skip61
\thm@headsep=\skip62
\dth@everypar=\toks42
)
\c@theorem=\count310
)
(/usr/share/texlive/texmf-dist/tex/latex/beamer/beamerbasethemes.sty))
(/usr/share/texlive/texmf-dist/tex/latex/beamer/beamerthemedefault.sty
(/usr/share/texlive/texmf-dist/tex/latex/beamer/beamerfontthemedefault.sty)
(/usr/share/texlive/texmf-dist/tex/latex/beamer/beamercolorthemedefault.sty)
(/usr/share/texlive/texmf-dist/tex/latex/beamer/beamerinnerthemedefault.sty
\beamer@dima=\dimen275
\beamer@dimb=\dimen276
)
(/usr/share/texlive/texmf-dist/tex/latex/beamer/beamerouterthemedefault.sty)))
(/usr/share/texlive/texmf-dist/tex/latex/beamer/beamerthemeboxes.sty
\beamer@boxheadheight=\dimen277
\beamer@boxfootheight=\dimen278
\beamer@headboxes=\count311
\beamer@headboxsizes=\dimen279
\beamer@currentbox=\count312
\beamer@footboxes=\count313
\beamer@footboxsizes=\dimen280
)
(/usr/share/texlive/texmf-dist/tex/latex/psnfss/times.sty
Package: times 2005/04/12 PSNFSS-v9.2a (SPQR) 
)
(/usr/share/texlive/texmf-dist/tex/latex/beamer/beamerfontthemeserif.sty)
(/usr/share/texlive/texmf-dist/tex/latex/pgf/basiclayer/pgf.sty
Package: pgf 2020/01/08 v3.1.5b (3.1.5b)

(/usr/share/texlive/texmf-dist/tex/generic/pgf/modules/pgfmoduleshapes.code.tex
File: pgfmoduleshapes.code.tex 2020/01/08 v3.1.5b (3.1.5b)
\pgfnodeparttextbox=\box73
) (/usr/share/texlive/texmf-dist/tex/generic/pgf/modules/pgfmoduleplot.code.tex
File: pgfmoduleplot.code.tex 2020/01/08 v3.1.5b (3.1.5b)
)
(/usr/share/texlive/texmf-dist/tex/latex/pgf/compatibility/pgfcomp-version-0-65
.sty
Package: pgfcomp-version-0-65 2020/01/08 v3.1.5b (3.1.5b)
\pgf@nodesepstart=\dimen281
\pgf@nodesepend=\dimen282
)
(/usr/share/texlive/texmf-dist/tex/latex/pgf/compatibility/pgfcomp-version-1-18
.sty
Package: pgfcomp-version-1-18 2020/01/08 v3.1.5b (3.1.5b)
)) (/usr/share/texlive/texmf-dist/tex/latex/beamer/multimedia.sty
Package: multimedia 2012/05/02 ver 0.02
\mm@movie=\count314
)
\sympureletters=\mathgroup6
LaTeX Font Info:    Overwriting symbol font `pureletters' in version `bold'
(Font)                  OT1/mathkerncmss/m/sl --> OT1/mathkerncmss/bx/sl on inp
ut line 15.

(/usr/share/texlive/texmf-dist/tex/latex/tools/bm.sty
Package: bm 2019/07/24 v1.2d Bold Symbol Support (DPC/FMi)
\symboldoperators=\mathgroup7
\symboldletters=\mathgroup8
\symboldsymbols=\mathgroup9
\symboldpureletters=\mathgroup10
LaTeX Font Info:    Redeclaring math alphabet \mathbf on input line 141.
LaTeX Info: Redefining \bm on input line 209.
)
(/usr/share/texlive/texmf-dist/tex/latex/animate/animate.sty
Package: animate 2019/12/03 PDF & SVG animations from files and inline graphics


(/usr/share/texlive/texmf-dist/tex/latex/xkeyval/xkeyval.sty
Package: xkeyval 2014/12/03 v2.7a package option processing (HA)

(/usr/share/texlive/texmf-dist/tex/generic/xkeyval/xkeyval.tex
(/usr/share/texlive/texmf-dist/tex/generic/xkeyval/xkvutils.tex
\XKV@toks=\toks43
\XKV@tempa@toks=\toks44
)
\XKV@depth=\count315
File: xkeyval.tex 2014/12/03 v2.7a key=value parser (HA)
))
(/usr/share/texlive/texmf-dist/tex/latex/base/ifthen.sty
Package: ifthen 2014/09/29 v1.1c Standard LaTeX ifthen package (DPC)
)
(/usr/share/texlive/texmf-dist/tex/latex/oberdiek/ifdraft.sty
Package: ifdraft 2016/05/16 v1.4 Detect class options draft and final (HO)
)
(/usr/share/texlive/texmf-dist/tex/latex/tools/calc.sty
Package: calc 2017/05/25 v4.3 Infix arithmetic (KKT,FJ)
\calc@Acount=\count316
\calc@Bcount=\count317
\calc@Adimen=\dimen283
\calc@Bdimen=\dimen284
\calc@Askip=\skip63
\calc@Bskip=\skip64
LaTeX Info: Redefining \setlength on input line 80.
LaTeX Info: Redefining \addtolength on input line 81.
\calc@Ccount=\count318
\calc@Cskip=\skip65
)
(/usr/share/texlive/texmf-dist/tex/latex/zref/zref-abspage.sty
Package: zref-abspage 2019/11/29 v2.28 Module abspage for zref (HO)

(/usr/share/texlive/texmf-dist/tex/latex/zref/zref-base.sty
Package: zref-base 2019/11/29 v2.28 Module base for zref (HO)
Package zref Info: New property list: main on input line 763.
Package zref Info: New property: default on input line 764.
Package zref Info: New property: page on input line 765.
)
\c@abspage=\count319
Package zref Info: New property: abspage on input line 66.
)
(/usr/share/texlive/texmf-dist/tex/latex/media9/pdfbase.sty
(/usr/share/texlive/texmf-dist/tex/latex/l3kernel/expl3.sty
Package: expl3 2020-02-14 L3 programming layer (loader) 

(/usr/share/texlive/texmf-dist/tex/latex/l3backend/l3backend-pdfmode.def
File: l3backend-pdfmode.def 2020-02-03 L3 backend support: PDF mode
\l__kernel_color_stack_int=\count320
\l__pdf_internal_box=\box74
))
(/usr/share/texlive/texmf-dist/tex/latex/l3packages/l3keys2e/l3keys2e.sty
Package: l3keys2e 2020-02-14 LaTeX2e option processing using LaTeX3 keys
)
Package: pdfbase 2020/01/27 v0.36 driver independent access to low-level PDF fe
atures
\g_pbs_page_int=\count321
\g_pbs_oc_int=\count322
)
(/usr/share/texlive/texmf-dist/tex/latex/ocgx2/ocgbase.sty
Package: ocgbase 2019/11/04 v0.17 support package for ocgx2.sty
\g_ocgbase_nd_int=\count323
)
\@anim@box=\box75
\@anim@measbox=\box76
\@anim@tmpdima=\dimen285
\@anim@tmpdimb=\dimen286
\@anim@num=\count324
\@anim@curframe=\count325
\@anim@curframe@zb=\count326
\@anim@resizeflags=\count327
\@anim@skipfram=\count328
\@anim@mulframecnt=\count329
\@anim@@tmlnfile=\read3
\@anim@tmpcnt=\count330
\c@@anim@ltxcnt=\count331
\@anim@curlayer=\count332
\@anim@lineno=\count333
\@anim@curfield=\count334
\@anim@@resizeflags=\count335
)

Package hyperref Warning: Token not allowed in a PDF string (PDFDocEncoding):
(hyperref)                removing `\\' on input line 66.


Package hyperref Warning: Token not allowed in a PDF string (PDFDocEncoding):
(hyperref)                removing `\\' on input line 66.

(./opt.aux)
\openout1 = `opt.aux'.

LaTeX Font Info:    Checking defaults for OML/cmm/m/it on input line 82.
LaTeX Font Info:    ... okay on input line 82.
LaTeX Font Info:    Checking defaults for OMS/cmsy/m/n on input line 82.
LaTeX Font Info:    ... okay on input line 82.
LaTeX Font Info:    Checking defaults for OT1/cmr/m/n on input line 82.
LaTeX Font Info:    ... okay on input line 82.
LaTeX Font Info:    Checking defaults for T1/cmr/m/n on input line 82.
LaTeX Font Info:    ... okay on input line 82.
LaTeX Font Info:    Checking defaults for TS1/cmr/m/n on input line 82.
LaTeX Font Info:    ... okay on input line 82.
LaTeX Font Info:    Checking defaults for OMX/cmex/m/n on input line 82.
LaTeX Font Info:    ... okay on input line 82.
LaTeX Font Info:    Checking defaults for U/cmr/m/n on input line 82.
LaTeX Font Info:    ... okay on input line 82.
LaTeX Font Info:    Checking defaults for PD1/pdf/m/n on input line 82.
LaTeX Font Info:    ... okay on input line 82.
LaTeX Font Info:    Trying to load font information for OT1+ptm on input line 8
2.
 (/usr/share/texlive/texmf-dist/tex/latex/psnfss/ot1ptm.fd
File: ot1ptm.fd 2001/06/04 font definitions for OT1/ptm.
)
*geometry* driver: auto-detecting
*geometry* detected driver: pdftex
*geometry* verbose mode - [ preamble ] result:
* driver: pdftex
* paper: custom
* layout: <same size as paper>
* layoutoffset:(h,v)=(0.0pt,0.0pt)
* modes: includehead includefoot 
* h-part:(L,W,R)=(28.45274pt, 307.28987pt, 28.45274pt)
* v-part:(T,H,B)=(0.0pt, 273.14662pt, 0.0pt)
* \paperwidth=364.19536pt
* \paperheight=273.14662pt
* \textwidth=307.28987pt
* \textheight=244.6939pt
* \oddsidemargin=-43.81725pt
* \evensidemargin=-43.81725pt
* \topmargin=-72.26999pt
* \headheight=14.22636pt
* \headsep=0.0pt
* \topskip=11.0pt
* \footskip=14.22636pt
* \marginparwidth=4.0pt
* \marginparsep=10.0pt
* \columnsep=10.0pt
* \skip\footins=10.0pt plus 4.0pt minus 2.0pt
* \hoffset=0.0pt
* \voffset=0.0pt
* \mag=1000
* \@twocolumnfalse
* \@twosidefalse
* \@mparswitchfalse
* \@reversemarginfalse
* (1in=72.27pt=25.4mm, 1cm=28.453pt)

(/usr/share/texlive/texmf-dist/tex/context/base/mkii/supp-pdf.mkii
[Loading MPS to PDF converter (version 2006.09.02).]
\scratchcounter=\count336
\scratchdimen=\dimen287
\scratchbox=\box77
\nofMPsegments=\count337
\nofMParguments=\count338
\everyMPshowfont=\toks45
\MPscratchCnt=\count339
\MPscratchDim=\dimen288
\MPnumerator=\count340
\makeMPintoPDFobject=\count341
\everyMPtoPDFconversion=\toks46
) (/usr/share/texlive/texmf-dist/tex/latex/epstopdf-pkg/epstopdf-base.sty
Package: epstopdf-base 2020-01-24 v2.11 Base part for package epstopdf
Package epstopdf-base Info: Redefining graphics rule for `.eps' on input line 4
85.

(/usr/share/texlive/texmf-dist/tex/latex/latexconfig/epstopdf-sys.cfg
File: epstopdf-sys.cfg 2010/07/13 v1.3 Configuration of (r)epstopdf for TeX Liv
e
))
ABD: EveryShipout initializing macros
\AtBeginShipoutBox=\box78
Package hyperref Info: Link coloring OFF on input line 82.

(/usr/share/texlive/texmf-dist/tex/latex/hyperref/nameref.sty
Package: nameref 2019/09/16 v2.46 Cross-referencing by name of section

(/usr/share/texlive/texmf-dist/tex/latex/refcount/refcount.sty
Package: refcount 2019/12/15 v3.6 Data extraction from label references (HO)
)
(/usr/share/texlive/texmf-dist/tex/generic/gettitlestring/gettitlestring.sty
Package: gettitlestring 2019/12/15 v1.6 Cleanup title references (HO)
)
\c@section@level=\count342
)
LaTeX Info: Redefining \ref on input line 82.
LaTeX Info: Redefining \pageref on input line 82.
LaTeX Info: Redefining \nameref on input line 82.

(./opt.out) (./opt.out)
\@outlinefile=\write5
\openout5 = `opt.out'.

\symnumbers=\mathgroup11
LaTeX Font Info:    Redeclaring symbol font `pureletters' on input line 82.
LaTeX Font Info:    Overwriting symbol font `pureletters' in version `normal'
(Font)                  OT1/mathkerncmss/m/sl --> OT1/ptm/m/it on input line 82
.
LaTeX Font Info:    Overwriting symbol font `pureletters' in version `bold'
(Font)                  OT1/mathkerncmss/bx/sl --> OT1/ptm/m/it on input line 8
2.
LaTeX Font Info:    Overwriting math alphabet `\mathrm' in version `normal'
(Font)                  OT1/cmr/m/n --> OT1/ptm/m/n on input line 82.
LaTeX Font Info:    Redeclaring math alphabet \mathbf on input line 82.
LaTeX Font Info:    Redeclaring math alphabet \mathsf on input line 82.
LaTeX Font Info:    Overwriting math alphabet `\mathsf' in version `normal'
(Font)                  OT1/cmss/m/n --> OT1/phv/m/n on input line 82.
LaTeX Font Info:    Overwriting math alphabet `\mathsf' in version `bold'
(Font)                  OT1/cmss/bx/n --> OT1/phv/m/n on input line 82.
LaTeX Font Info:    Redeclaring math alphabet \mathit on input line 82.
LaTeX Font Info:    Overwriting math alphabet `\mathit' in version `normal'
(Font)                  OT1/cmr/m/it --> OT1/ptm/m/it on input line 82.
LaTeX Font Info:    Overwriting math alphabet `\mathit' in version `bold'
(Font)                  OT1/cmr/bx/it --> OT1/ptm/m/it on input line 82.
LaTeX Font Info:    Redeclaring math alphabet \mathtt on input line 82.
LaTeX Font Info:    Overwriting math alphabet `\mathtt' in version `normal'
(Font)                  OT1/cmtt/m/n --> OT1/pcr/m/n on input line 82.
LaTeX Font Info:    Overwriting math alphabet `\mathtt' in version `bold'
(Font)                  OT1/cmtt/m/n --> OT1/pcr/m/n on input line 82.
LaTeX Font Info:    Overwriting symbol font `numbers' in version `bold'
(Font)                  OT1/ptm/m/n --> OT1/ptm/b/n on input line 82.
LaTeX Font Info:    Overwriting symbol font `pureletters' in version `bold'
(Font)                  OT1/ptm/m/it --> OT1/ptm/b/it on input line 82.
LaTeX Font Info:    Overwriting math alphabet `\mathrm' in version `bold'
(Font)                  OT1/cmr/bx/n --> OT1/ptm/b/n on input line 82.
LaTeX Font Info:    Overwriting math alphabet `\mathbf' in version `bold'
(Font)                  OT1/ptm/b/n --> OT1/ptm/b/n on input line 82.
LaTeX Font Info:    Overwriting math alphabet `\mathsf' in version `bold'
(Font)                  OT1/phv/m/n --> OT1/phv/b/n on input line 82.
LaTeX Font Info:    Overwriting math alphabet `\mathit' in version `bold'
(Font)                  OT1/ptm/m/it --> OT1/ptm/b/it on input line 82.
LaTeX Font Info:    Overwriting math alphabet `\mathtt' in version `bold'
(Font)                  OT1/pcr/m/n --> OT1/pcr/b/n on input line 82.
LaTeX Font Info:    Redeclaring symbol font `boldpureletters' on input line 82.

LaTeX Font Info:    Overwriting symbol font `boldpureletters' in version `norma
l'
(Font)                  OT1/mathkerncmss/bx/sl --> OT1/ptm/bx/it on input line 
82.
LaTeX Font Info:    Overwriting symbol font `boldpureletters' in version `bold'

(Font)                  OT1/mathkerncmss/bx/sl --> OT1/ptm/bx/it on input line 
82.

(/usr/share/texlive/texmf-dist/tex/latex/translator/translator-basic-dictionary
-English.dict
Dictionary: translator-basic-dictionary, Language: English 
)
(/usr/share/texlive/texmf-dist/tex/latex/translator/translator-bibliography-dic
tionary-English.dict
Dictionary: translator-bibliography-dictionary, Language: English 
)
(/usr/share/texlive/texmf-dist/tex/latex/translator/translator-environment-dict
ionary-English.dict
Dictionary: translator-environment-dictionary, Language: English 
)
(/usr/share/texlive/texmf-dist/tex/latex/translator/translator-months-dictionar
y-English.dict
Dictionary: translator-months-dictionary, Language: English 
)
(/usr/share/texlive/texmf-dist/tex/latex/translator/translator-numbers-dictiona
ry-English.dict
Dictionary: translator-numbers-dictionary, Language: English 
)
(/usr/share/texlive/texmf-dist/tex/latex/translator/translator-theorem-dictiona
ry-English.dict
Dictionary: translator-theorem-dictionary, Language: English 
) (./opt.nav) [1

{/var/lib/texmf/fonts/map/pdftex/updmap/pdftex.map}]
LaTeX Font Info:    Trying to load font information for U+msa on input line 99.

 (/usr/share/texlive/texmf-dist/tex/latex/amsfonts/umsa.fd
File: umsa.fd 2013/01/14 v3.01 AMS symbols A
)
LaTeX Font Info:    Trying to load font information for U+msb on input line 99.


(/usr/share/texlive/texmf-dist/tex/latex/amsfonts/umsb.fd
File: umsb.fd 2013/01/14 v3.01 AMS symbols B
)
LaTeX Font Info:    Font shape `OT1/ptm/bx/it' in size <10.95> not available
(Font)              Font shape `OT1/ptm/b/it' tried instead on input line 99.
LaTeX Font Info:    Font shape `OT1/ptm/bx/it' in size <8> not available
(Font)              Font shape `OT1/ptm/b/it' tried instead on input line 99.
LaTeX Font Info:    Font shape `OT1/ptm/bx/it' in size <6> not available
(Font)              Font shape `OT1/ptm/b/it' tried instead on input line 99.
 [2

]
LaTeX Font Info:    Font shape `OT1/ptm/bx/it' in size <10> not available
(Font)              Font shape `OT1/ptm/b/it' tried instead on input line 117.
LaTeX Font Info:    Font shape `OT1/ptm/bx/it' in size <7> not available
(Font)              Font shape `OT1/ptm/b/it' tried instead on input line 117.
LaTeX Font Info:    Font shape `OT1/ptm/bx/it' in size <5> not available
(Font)              Font shape `OT1/ptm/b/it' tried instead on input line 117.
 [3

] [4

]
<ani/newt1d0.pdf, id=51, page=1, 433.62pt x 289.08pt>
File: ani/newt1d0.pdf Graphic file (type pdf)
<use ani/newt1d0.pdf, page 1>
Package pdftex.def Info: ani/newt1d0.pdf , page1 used on input line 137.
(pdftex.def)             Requested size: 433.61894pt x 289.07928pt.
 <./ani/newt1d0.pdf> <a0,fr0>
<ani/newt1d1.pdf, id=67, page=1, 433.62pt x 289.08pt>
File: ani/newt1d1.pdf Graphic file (type pdf)
<use ani/newt1d1.pdf, page 1>
Package pdftex.def Info: ani/newt1d1.pdf , page1 used on input line 137.
(pdftex.def)             Requested size: 433.61894pt x 289.07928pt.
 <./ani/newt1d1.pdf> <a0,fr1>
<ani/newt1d2.pdf, id=84, page=1, 433.62pt x 289.08pt>
File: ani/newt1d2.pdf Graphic file (type pdf)
<use ani/newt1d2.pdf, page 1>
Package pdftex.def Info: ani/newt1d2.pdf , page1 used on input line 137.
(pdftex.def)             Requested size: 433.61894pt x 289.07928pt.
 <./ani/newt1d2.pdf> <a0,fr2>
<ani/newt1d3.pdf, id=101, page=1, 433.62pt x 289.08pt>
File: ani/newt1d3.pdf Graphic file (type pdf)
<use ani/newt1d3.pdf, page 1>
Package pdftex.def Info: ani/newt1d3.pdf , page1 used on input line 137.
(pdftex.def)             Requested size: 433.61894pt x 289.07928pt.
 <./ani/newt1d3.pdf> <a0,fr3>
<ani/newt1d4.pdf, id=118, page=1, 433.62pt x 289.08pt>
File: ani/newt1d4.pdf Graphic file (type pdf)
<use ani/newt1d4.pdf, page 1>
Package pdftex.def Info: ani/newt1d4.pdf , page1 used on input line 137.
(pdftex.def)             Requested size: 433.61894pt x 289.07928pt.
 <./ani/newt1d4.pdf> <a0,fr4>
<ani/newt1d5.pdf, id=135, page=1, 433.62pt x 289.08pt>
File: ani/newt1d5.pdf Graphic file (type pdf)
<use ani/newt1d5.pdf, page 1>
Package pdftex.def Info: ani/newt1d5.pdf , page1 used on input line 137.
(pdftex.def)             Requested size: 433.61894pt x 289.07928pt.
 <./ani/newt1d5.pdf>
<a0,fr5>
<ani/newt1d6.pdf, id=152, page=1, 433.62pt x 289.08pt>
File: ani/newt1d6.pdf Graphic file (type pdf)
<use ani/newt1d6.pdf, page 1>
Package pdftex.def Info: ani/newt1d6.pdf , page1 used on input line 137.
(pdftex.def)             Requested size: 433.61894pt x 289.07928pt.
 <./ani/newt1d6.pdf> <a0,fr6>
<ani/newt1d7.pdf, id=169, page=1, 433.62pt x 289.08pt>
File: ani/newt1d7.pdf Graphic file (type pdf)
<use ani/newt1d7.pdf, page 1>
Package pdftex.def Info: ani/newt1d7.pdf , page1 used on input line 137.
(pdftex.def)             Requested size: 433.61894pt x 289.07928pt.
 <./ani/newt1d7.pdf> <a0,fr7>
<ani/newt1d8.pdf, id=187, page=1, 433.62pt x 289.08pt>
File: ani/newt1d8.pdf Graphic file (type pdf)
<use ani/newt1d8.pdf, page 1>
Package pdftex.def Info: ani/newt1d8.pdf , page1 used on input line 137.
(pdftex.def)             Requested size: 433.61894pt x 289.07928pt.
 <./ani/newt1d8.pdf> <a0,fr8>
<ani/newt1d9.pdf, id=204, page=1, 433.62pt x 289.08pt>
File: ani/newt1d9.pdf Graphic file (type pdf)
<use ani/newt1d9.pdf, page 1>
Package pdftex.def Info: ani/newt1d9.pdf , page1 used on input line 137.
(pdftex.def)             Requested size: 433.61894pt x 289.07928pt.
 <./ani/newt1d9.pdf> <a0,fr9>
<ani/newt1d10.pdf, id=221, page=1, 433.62pt x 289.08pt>
File: ani/newt1d10.pdf Graphic file (type pdf)
<use ani/newt1d10.pdf, page 1>
Package pdftex.def Info: ani/newt1d10.pdf , page1 used on input line 137.
(pdftex.def)             Requested size: 433.61894pt x 289.07928pt.
 <./ani/newt1d10.pdf> <a0,fr10>
<ani/newt1d11.pdf, id=238, page=1, 433.62pt x 289.08pt>
File: ani/newt1d11.pdf Graphic file (type pdf)
<use ani/newt1d11.pdf, page 1>
Package pdftex.def Info: ani/newt1d11.pdf , page1 used on input line 137.
(pdftex.def)             Requested size: 433.61894pt x 289.07928pt.
 <./ani/newt1d11.pdf> <a0,fr11>
<ani/newt1d12.pdf, id=255, page=1, 433.62pt x 289.08pt>
File: ani/newt1d12.pdf Graphic file (type pdf)
<use ani/newt1d12.pdf, page 1>
Package pdftex.def Info: ani/newt1d12.pdf , page1 used on input line 137.
(pdftex.def)             Requested size: 433.61894pt x 289.07928pt.
 <./ani/newt1d12.pdf> <a0,fr12>
<ani/newt1d13.pdf, id=272, page=1, 433.62pt x 289.08pt>
File: ani/newt1d13.pdf Graphic file (type pdf)
<use ani/newt1d13.pdf, page 1>
Package pdftex.def Info: ani/newt1d13.pdf , page1 used on input line 137.
(pdftex.def)             Requested size: 433.61894pt x 289.07928pt.
 <./ani/newt1d13.pdf> <a0,fr13>
<ani/newt1d14.pdf, id=289, page=1, 433.62pt x 289.08pt>
File: ani/newt1d14.pdf Graphic file (type pdf)
<use ani/newt1d14.pdf, page 1>
Package pdftex.def Info: ani/newt1d14.pdf , page1 used on input line 137.
(pdftex.def)             Requested size: 433.61894pt x 289.07928pt.
 <./ani/newt1d14.pdf> <a0,fr14>
<ani/newt1d15.pdf, id=306, page=1, 433.62pt x 289.08pt>
File: ani/newt1d15.pdf Graphic file (type pdf)
<use ani/newt1d15.pdf, page 1>
Package pdftex.def Info: ani/newt1d15.pdf , page1 used on input line 137.
(pdftex.def)             Requested size: 433.61894pt x 289.07928pt.
 <./ani/newt1d15.pdf> <a0,fr15>
<ani/newt1d16.pdf, id=323, page=1, 433.62pt x 289.08pt>
File: ani/newt1d16.pdf Graphic file (type pdf)
<use ani/newt1d16.pdf, page 1>
Package pdftex.def Info: ani/newt1d16.pdf , page1 used on input line 137.
(pdftex.def)             Requested size: 433.61894pt x 289.07928pt.
 <./ani/newt1d16.pdf> <a0,fr16>
<ani/newt1d17.pdf, id=340, page=1, 433.62pt x 289.08pt>
File: ani/newt1d17.pdf Graphic file (type pdf)
<use ani/newt1d17.pdf, page 1>
Package pdftex.def Info: ani/newt1d17.pdf , page1 used on input line 137.
(pdftex.def)             Requested size: 433.61894pt x 289.07928pt.
 <./ani/newt1d17.pdf> <a0,fr17>
<ani/newt1d18.pdf, id=358, page=1, 433.62pt x 289.08pt>
File: ani/newt1d18.pdf Graphic file (type pdf)
<use ani/newt1d18.pdf, page 1>
Package pdftex.def Info: ani/newt1d18.pdf , page1 used on input line 137.
(pdftex.def)             Requested size: 433.61894pt x 289.07928pt.
 <./ani/newt1d18.pdf>
<a0,fr18>
<ani/newt1d19.pdf, id=375, page=1, 433.62pt x 289.08pt>
File: ani/newt1d19.pdf Graphic file (type pdf)
<use ani/newt1d19.pdf, page 1>
Package pdftex.def Info: ani/newt1d19.pdf , page1 used on input line 137.
(pdftex.def)             Requested size: 433.61894pt x 289.07928pt.
 <./ani/newt1d19.pdf> <a0,fr19>
<ani/newt1d20.pdf, id=392, page=1, 433.62pt x 289.08pt>
File: ani/newt1d20.pdf Graphic file (type pdf)
<use ani/newt1d20.pdf, page 1>
Package pdftex.def Info: ani/newt1d20.pdf , page1 used on input line 137.
(pdftex.def)             Requested size: 433.61894pt x 289.07928pt.
 <./ani/newt1d20.pdf> <a0,fr20>
<ani/newt1d21.pdf, id=409, page=1, 433.62pt x 289.08pt>
File: ani/newt1d21.pdf Graphic file (type pdf)
<use ani/newt1d21.pdf, page 1>
Package pdftex.def Info: ani/newt1d21.pdf , page1 used on input line 137.
(pdftex.def)             Requested size: 433.61894pt x 289.07928pt.
 <./ani/newt1d21.pdf> <a0,fr21>
<ani/newt1d22.pdf, id=426, page=1, 433.62pt x 289.08pt>
File: ani/newt1d22.pdf Graphic file (type pdf)
<use ani/newt1d22.pdf, page 1>
Package pdftex.def Info: ani/newt1d22.pdf , page1 used on input line 137.
(pdftex.def)             Requested size: 433.61894pt x 289.07928pt.
 <./ani/newt1d22.pdf> <a0,fr22>
<ani/newt1d23.pdf, id=443, page=1, 433.62pt x 289.08pt>
File: ani/newt1d23.pdf Graphic file (type pdf)
<use ani/newt1d23.pdf, page 1>
Package pdftex.def Info: ani/newt1d23.pdf , page1 used on input line 137.
(pdftex.def)             Requested size: 433.61894pt x 289.07928pt.
 <./ani/newt1d23.pdf>
<a0,fr23>
<ani/newt1d24.pdf, id=460, page=1, 433.62pt x 289.08pt>
File: ani/newt1d24.pdf Graphic file (type pdf)
<use ani/newt1d24.pdf, page 1>
Package pdftex.def Info: ani/newt1d24.pdf , page1 used on input line 137.
(pdftex.def)             Requested size: 433.61894pt x 289.07928pt.
 <./ani/newt1d24.pdf> <a0,fr24>
<ani/newt1d25.pdf, id=477, page=1, 433.62pt x 289.08pt>
File: ani/newt1d25.pdf Graphic file (type pdf)
<use ani/newt1d25.pdf, page 1>
Package pdftex.def Info: ani/newt1d25.pdf , page1 used on input line 137.
(pdftex.def)             Requested size: 433.61894pt x 289.07928pt.
 <./ani/newt1d25.pdf> <a0,fr25>
[5

]
LaTeX Font Info:    Trying to load font information for OT1+phv on input line 1
55.
 (/usr/share/texlive/texmf-dist/tex/latex/psnfss/ot1phv.fd
File: ot1phv.fd 2001/06/04 scalable font definitions for OT1/phv.
) [6

]
<ani/newt2d0.pdf, id=540, page=1, 578.16pt x 433.62pt>
File: ani/newt2d0.pdf Graphic file (type pdf)
<use ani/newt2d0.pdf, page 1>
Package pdftex.def Info: ani/newt2d0.pdf , page1 used on input line 162.
(pdftex.def)             Requested size: 578.15858pt x 433.61894pt.
 <./ani/newt2d0.pdf> <a1,fr0>
<ani/newt2d1.pdf, id=555, page=1, 578.16pt x 433.62pt>
File: ani/newt2d1.pdf Graphic file (type pdf)
<use ani/newt2d1.pdf, page 1>
Package pdftex.def Info: ani/newt2d1.pdf , page1 used on input line 162.
(pdftex.def)             Requested size: 578.15858pt x 433.61894pt.
 <./ani/newt2d1.pdf> <a1,fr1>
<ani/newt2d2.pdf, id=570, page=1, 578.16pt x 433.62pt>
File: ani/newt2d2.pdf Graphic file (type pdf)
<use ani/newt2d2.pdf, page 1>
Package pdftex.def Info: ani/newt2d2.pdf , page1 used on input line 162.
(pdftex.def)             Requested size: 578.15858pt x 433.61894pt.
 <./ani/newt2d2.pdf> <a1,fr2>
<ani/newt2d3.pdf, id=585, page=1, 578.16pt x 433.62pt>
File: ani/newt2d3.pdf Graphic file (type pdf)
<use ani/newt2d3.pdf, page 1>
Package pdftex.def Info: ani/newt2d3.pdf , page1 used on input line 162.
(pdftex.def)             Requested size: 578.15858pt x 433.61894pt.
 <./ani/newt2d3.pdf> <a1,fr3>
<ani/newt2d4.pdf, id=600, page=1, 578.16pt x 433.62pt>
File: ani/newt2d4.pdf Graphic file (type pdf)
<use ani/newt2d4.pdf, page 1>
Package pdftex.def Info: ani/newt2d4.pdf , page1 used on input line 162.
(pdftex.def)             Requested size: 578.15858pt x 433.61894pt.
 <./ani/newt2d4.pdf> <a1,fr4>
<ani/newt2d5.pdf, id=615, page=1, 578.16pt x 433.62pt>
File: ani/newt2d5.pdf Graphic file (type pdf)
<use ani/newt2d5.pdf, page 1>
Package pdftex.def Info: ani/newt2d5.pdf , page1 used on input line 162.
(pdftex.def)             Requested size: 578.15858pt x 433.61894pt.
 <./ani/newt2d5.pdf>
<a1,fr5>
<ani/newt2d6.pdf, id=630, page=1, 578.16pt x 433.62pt>
File: ani/newt2d6.pdf Graphic file (type pdf)
<use ani/newt2d6.pdf, page 1>
Package pdftex.def Info: ani/newt2d6.pdf , page1 used on input line 162.
(pdftex.def)             Requested size: 578.15858pt x 433.61894pt.
 <./ani/newt2d6.pdf> <a1,fr6>
<ani/newt2d7.pdf, id=645, page=1, 578.16pt x 433.62pt>
File: ani/newt2d7.pdf Graphic file (type pdf)
<use ani/newt2d7.pdf, page 1>
Package pdftex.def Info: ani/newt2d7.pdf , page1 used on input line 162.
(pdftex.def)             Requested size: 578.15858pt x 433.61894pt.
 <./ani/newt2d7.pdf> <a1,fr7>
<ani/newt2d8.pdf, id=660, page=1, 578.16pt x 433.62pt>
File: ani/newt2d8.pdf Graphic file (type pdf)
<use ani/newt2d8.pdf, page 1>
Package pdftex.def Info: ani/newt2d8.pdf , page1 used on input line 162.
(pdftex.def)             Requested size: 578.15858pt x 433.61894pt.
 <./ani/newt2d8.pdf> <a1,fr8>
<ani/newt2d9.pdf, id=676, page=1, 578.16pt x 433.62pt>
File: ani/newt2d9.pdf Graphic file (type pdf)
<use ani/newt2d9.pdf, page 1>
Package pdftex.def Info: ani/newt2d9.pdf , page1 used on input line 162.
(pdftex.def)             Requested size: 578.15858pt x 433.61894pt.
 <./ani/newt2d9.pdf> <a1,fr9>
<ani/newt2d10.pdf, id=691, page=1, 578.16pt x 433.62pt>
File: ani/newt2d10.pdf Graphic file (type pdf)
<use ani/newt2d10.pdf, page 1>
Package pdftex.def Info: ani/newt2d10.pdf , page1 used on input line 162.
(pdftex.def)             Requested size: 578.15858pt x 433.61894pt.
 <./ani/newt2d10.pdf> <a1,fr10>
<ani/newt2d11.pdf, id=706, page=1, 578.16pt x 433.62pt>
File: ani/newt2d11.pdf Graphic file (type pdf)
<use ani/newt2d11.pdf, page 1>
Package pdftex.def Info: ani/newt2d11.pdf , page1 used on input line 162.
(pdftex.def)             Requested size: 578.15858pt x 433.61894pt.
 <./ani/newt2d11.pdf> <a1,fr11>
<ani/newt2d12.pdf, id=721, page=1, 578.16pt x 433.62pt>
File: ani/newt2d12.pdf Graphic file (type pdf)
<use ani/newt2d12.pdf, page 1>
Package pdftex.def Info: ani/newt2d12.pdf , page1 used on input line 162.
(pdftex.def)             Requested size: 578.15858pt x 433.61894pt.
 <./ani/newt2d12.pdf> <a1,fr12>
<ani/newt2d13.pdf, id=736, page=1, 578.16pt x 433.62pt>
File: ani/newt2d13.pdf Graphic file (type pdf)
<use ani/newt2d13.pdf, page 1>
Package pdftex.def Info: ani/newt2d13.pdf , page1 used on input line 162.
(pdftex.def)             Requested size: 578.15858pt x 433.61894pt.
 <./ani/newt2d13.pdf> <a1,fr13>
<ani/newt2d14.pdf, id=751, page=1, 578.16pt x 433.62pt>
File: ani/newt2d14.pdf Graphic file (type pdf)
<use ani/newt2d14.pdf, page 1>
Package pdftex.def Info: ani/newt2d14.pdf , page1 used on input line 162.
(pdftex.def)             Requested size: 578.15858pt x 433.61894pt.
 <./ani/newt2d14.pdf> <a1,fr14>
<ani/newt2d15.pdf, id=766, page=1, 578.16pt x 433.62pt>
File: ani/newt2d15.pdf Graphic file (type pdf)
<use ani/newt2d15.pdf, page 1>
Package pdftex.def Info: ani/newt2d15.pdf , page1 used on input line 162.
(pdftex.def)             Requested size: 578.15858pt x 433.61894pt.
 <./ani/newt2d15.pdf> <a1,fr15>
<ani/newt2d16.pdf, id=781, page=1, 578.16pt x 433.62pt>
File: ani/newt2d16.pdf Graphic file (type pdf)
<use ani/newt2d16.pdf, page 1>
Package pdftex.def Info: ani/newt2d16.pdf , page1 used on input line 162.
(pdftex.def)             Requested size: 578.15858pt x 433.61894pt.
 <./ani/newt2d16.pdf> <a1,fr16>
<ani/newt2d17.pdf, id=796, page=1, 578.16pt x 433.62pt>
File: ani/newt2d17.pdf Graphic file (type pdf)
<use ani/newt2d17.pdf, page 1>
Package pdftex.def Info: ani/newt2d17.pdf , page1 used on input line 162.
(pdftex.def)             Requested size: 578.15858pt x 433.61894pt.
 <./ani/newt2d17.pdf> <a1,fr17>
<ani/newt2d18.pdf, id=811, page=1, 578.16pt x 433.62pt>
File: ani/newt2d18.pdf Graphic file (type pdf)
<use ani/newt2d18.pdf, page 1>
Package pdftex.def Info: ani/newt2d18.pdf , page1 used on input line 162.
(pdftex.def)             Requested size: 578.15858pt x 433.61894pt.
 <./ani/newt2d18.pdf>
<a1,fr18>
<ani/newt2d19.pdf, id=826, page=1, 578.16pt x 433.62pt>
File: ani/newt2d19.pdf Graphic file (type pdf)
<use ani/newt2d19.pdf, page 1>
Package pdftex.def Info: ani/newt2d19.pdf , page1 used on input line 162.
(pdftex.def)             Requested size: 578.15858pt x 433.61894pt.
 <./ani/newt2d19.pdf> <a1,fr19>
<ani/newt2d20.pdf, id=841, page=1, 578.16pt x 433.62pt>
File: ani/newt2d20.pdf Graphic file (type pdf)
<use ani/newt2d20.pdf, page 1>
Package pdftex.def Info: ani/newt2d20.pdf , page1 used on input line 162.
(pdftex.def)             Requested size: 578.15858pt x 433.61894pt.
 <./ani/newt2d20.pdf> <a1,fr20>
[7

] [8

]
<ani/cd0.pdf, id=888, page=1, 578.16pt x 433.62pt>
File: ani/cd0.pdf Graphic file (type pdf)
<use ani/cd0.pdf, page 1>
Package pdftex.def Info: ani/cd0.pdf , page1 used on input line 187.
(pdftex.def)             Requested size: 578.15858pt x 433.61894pt.
 <./ani/cd0.pdf> <a2,fr0>
<ani/cd1.pdf, id=903, page=1, 578.16pt x 433.62pt>
File: ani/cd1.pdf Graphic file (type pdf)
<use ani/cd1.pdf, page 1>
Package pdftex.def Info: ani/cd1.pdf , page1 used on input line 187.
(pdftex.def)             Requested size: 578.15858pt x 433.61894pt.
 <./ani/cd1.pdf> <a2,fr1>
<ani/cd2.pdf, id=918, page=1, 578.16pt x 433.62pt>
File: ani/cd2.pdf Graphic file (type pdf)
<use ani/cd2.pdf, page 1>
Package pdftex.def Info: ani/cd2.pdf , page1 used on input line 187.
(pdftex.def)             Requested size: 578.15858pt x 433.61894pt.
 <./ani/cd2.pdf>
<a2,fr2>
<ani/cd3.pdf, id=933, page=1, 578.16pt x 433.62pt>
File: ani/cd3.pdf Graphic file (type pdf)
<use ani/cd3.pdf, page 1>
Package pdftex.def Info: ani/cd3.pdf , page1 used on input line 187.
(pdftex.def)             Requested size: 578.15858pt x 433.61894pt.
 <./ani/cd3.pdf> <a2,fr3>
<ani/cd4.pdf, id=948, page=1, 578.16pt x 433.62pt>
File: ani/cd4.pdf Graphic file (type pdf)
<use ani/cd4.pdf, page 1>
Package pdftex.def Info: ani/cd4.pdf , page1 used on input line 187.
(pdftex.def)             Requested size: 578.15858pt x 433.61894pt.
 <./ani/cd4.pdf> <a2,fr4>
<ani/cd5.pdf, id=963, page=1, 578.16pt x 433.62pt>
File: ani/cd5.pdf Graphic file (type pdf)
<use ani/cd5.pdf, page 1>
Package pdftex.def Info: ani/cd5.pdf , page1 used on input line 187.
(pdftex.def)             Requested size: 578.15858pt x 433.61894pt.
 <./ani/cd5.pdf>
<a2,fr5>
<ani/cd6.pdf, id=978, page=1, 578.16pt x 433.62pt>
File: ani/cd6.pdf Graphic file (type pdf)
<use ani/cd6.pdf, page 1>
Package pdftex.def Info: ani/cd6.pdf , page1 used on input line 187.
(pdftex.def)             Requested size: 578.15858pt x 433.61894pt.
 <./ani/cd6.pdf> <a2,fr6>
<ani/cd7.pdf, id=994, page=1, 578.16pt x 433.62pt>
File: ani/cd7.pdf Graphic file (type pdf)
<use ani/cd7.pdf, page 1>
Package pdftex.def Info: ani/cd7.pdf , page1 used on input line 187.
(pdftex.def)             Requested size: 578.15858pt x 433.61894pt.
 <./ani/cd7.pdf> <a2,fr7>
<ani/cd8.pdf, id=1009, page=1, 578.16pt x 433.62pt>
File: ani/cd8.pdf Graphic file (type pdf)
<use ani/cd8.pdf, page 1>
Package pdftex.def Info: ani/cd8.pdf , page1 used on input line 187.
(pdftex.def)             Requested size: 578.15858pt x 433.61894pt.
 <./ani/cd8.pdf>
<a2,fr8>
<ani/cd9.pdf, id=1024, page=1, 578.16pt x 433.62pt>
File: ani/cd9.pdf Graphic file (type pdf)
<use ani/cd9.pdf, page 1>
Package pdftex.def Info: ani/cd9.pdf , page1 used on input line 187.
(pdftex.def)             Requested size: 578.15858pt x 433.61894pt.
 <./ani/cd9.pdf> <a2,fr9>
<ani/cd10.pdf, id=1039, page=1, 578.16pt x 433.62pt>
File: ani/cd10.pdf Graphic file (type pdf)
<use ani/cd10.pdf, page 1>
Package pdftex.def Info: ani/cd10.pdf , page1 used on input line 187.
(pdftex.def)             Requested size: 578.15858pt x 433.61894pt.
 <./ani/cd10.pdf> <a2,fr10>
<ani/cd11.pdf, id=1054, page=1, 578.16pt x 433.62pt>
File: ani/cd11.pdf Graphic file (type pdf)
<use ani/cd11.pdf, page 1>
Package pdftex.def Info: ani/cd11.pdf , page1 used on input line 187.
(pdftex.def)             Requested size: 578.15858pt x 433.61894pt.
 <./ani/cd11.pdf>
<a2,fr11>
<ani/cd12.pdf, id=1069, page=1, 578.16pt x 433.62pt>
File: ani/cd12.pdf Graphic file (type pdf)
<use ani/cd12.pdf, page 1>
Package pdftex.def Info: ani/cd12.pdf , page1 used on input line 187.
(pdftex.def)             Requested size: 578.15858pt x 433.61894pt.
 <./ani/cd12.pdf> <a2,fr12>
<ani/cd13.pdf, id=1084, page=1, 578.16pt x 433.62pt>
File: ani/cd13.pdf Graphic file (type pdf)
<use ani/cd13.pdf, page 1>
Package pdftex.def Info: ani/cd13.pdf , page1 used on input line 187.
(pdftex.def)             Requested size: 578.15858pt x 433.61894pt.
 <./ani/cd13.pdf> <a2,fr13>
<ani/cd14.pdf, id=1099, page=1, 578.16pt x 433.62pt>
File: ani/cd14.pdf Graphic file (type pdf)
<use ani/cd14.pdf, page 1>
Package pdftex.def Info: ani/cd14.pdf , page1 used on input line 187.
(pdftex.def)             Requested size: 578.15858pt x 433.61894pt.
 <./ani/cd14.pdf> <a2,fr14>
<ani/cd15.pdf, id=1114, page=1, 578.16pt x 433.62pt>
File: ani/cd15.pdf Graphic file (type pdf)
<use ani/cd15.pdf, page 1>
Package pdftex.def Info: ani/cd15.pdf , page1 used on input line 187.
(pdftex.def)             Requested size: 578.15858pt x 433.61894pt.
 <./ani/cd15.pdf> <a2,fr15>
<ani/cd16.pdf, id=1129, page=1, 578.16pt x 433.62pt>
File: ani/cd16.pdf Graphic file (type pdf)
<use ani/cd16.pdf, page 1>
Package pdftex.def Info: ani/cd16.pdf , page1 used on input line 187.
(pdftex.def)             Requested size: 578.15858pt x 433.61894pt.
 <./ani/cd16.pdf> <a2,fr16>
<ani/cd17.pdf, id=1144, page=1, 578.16pt x 433.62pt>
File: ani/cd17.pdf Graphic file (type pdf)
<use ani/cd17.pdf, page 1>
Package pdftex.def Info: ani/cd17.pdf , page1 used on input line 187.
(pdftex.def)             Requested size: 578.15858pt x 433.61894pt.
 <./ani/cd17.pdf> <a2,fr17>
<ani/cd18.pdf, id=1159, page=1, 578.16pt x 433.62pt>
File: ani/cd18.pdf Graphic file (type pdf)
<use ani/cd18.pdf, page 1>
Package pdftex.def Info: ani/cd18.pdf , page1 used on input line 187.
(pdftex.def)             Requested size: 578.15858pt x 433.61894pt.
 <./ani/cd18.pdf> <a2,fr18>
<ani/cd19.pdf, id=1174, page=1, 578.16pt x 433.62pt>
File: ani/cd19.pdf Graphic file (type pdf)
<use ani/cd19.pdf, page 1>
Package pdftex.def Info: ani/cd19.pdf , page1 used on input line 187.
(pdftex.def)             Requested size: 578.15858pt x 433.61894pt.
 <./ani/cd19.pdf> <a2,fr19>
<ani/cd20.pdf, id=1190, page=1, 578.16pt x 433.62pt>
File: ani/cd20.pdf Graphic file (type pdf)
<use ani/cd20.pdf, page 1>
Package pdftex.def Info: ani/cd20.pdf , page1 used on input line 187.
(pdftex.def)             Requested size: 578.15858pt x 433.61894pt.
 <./ani/cd20.pdf> <a2,fr20>
<ani/cd21.pdf, id=1205, page=1, 578.16pt x 433.62pt>
File: ani/cd21.pdf Graphic file (type pdf)
<use ani/cd21.pdf, page 1>
Package pdftex.def Info: ani/cd21.pdf , page1 used on input line 187.
(pdftex.def)             Requested size: 578.15858pt x 433.61894pt.
 <./ani/cd21.pdf> <a2,fr21>
<ani/cd22.pdf, id=1220, page=1, 578.16pt x 433.62pt>
File: ani/cd22.pdf Graphic file (type pdf)
<use ani/cd22.pdf, page 1>
Package pdftex.def Info: ani/cd22.pdf , page1 used on input line 187.
(pdftex.def)             Requested size: 578.15858pt x 433.61894pt.
 <./ani/cd22.pdf> <a2,fr22>
<ani/cd23.pdf, id=1235, page=1, 578.16pt x 433.62pt>
File: ani/cd23.pdf Graphic file (type pdf)
<use ani/cd23.pdf, page 1>
Package pdftex.def Info: ani/cd23.pdf , page1 used on input line 187.
(pdftex.def)             Requested size: 578.15858pt x 433.61894pt.
 <./ani/cd23.pdf> <a2,fr23>
<ani/cd24.pdf, id=1250, page=1, 578.16pt x 433.62pt>
File: ani/cd24.pdf Graphic file (type pdf)
<use ani/cd24.pdf, page 1>
Package pdftex.def Info: ani/cd24.pdf , page1 used on input line 187.
(pdftex.def)             Requested size: 578.15858pt x 433.61894pt.
 <./ani/cd24.pdf> <a2,fr24>
<ani/cd25.pdf, id=1265, page=1, 578.16pt x 433.62pt>
File: ani/cd25.pdf Graphic file (type pdf)
<use ani/cd25.pdf, page 1>
Package pdftex.def Info: ani/cd25.pdf , page1 used on input line 187.
(pdftex.def)             Requested size: 578.15858pt x 433.61894pt.
 <./ani/cd25.pdf> <a2,fr25>
<ani/cd26.pdf, id=1280, page=1, 578.16pt x 433.62pt>
File: ani/cd26.pdf Graphic file (type pdf)
<use ani/cd26.pdf, page 1>
Package pdftex.def Info: ani/cd26.pdf , page1 used on input line 187.
(pdftex.def)             Requested size: 578.15858pt x 433.61894pt.
 <./ani/cd26.pdf> <a2,fr26>
<ani/cd27.pdf, id=1295, page=1, 578.16pt x 433.62pt>
File: ani/cd27.pdf Graphic file (type pdf)
<use ani/cd27.pdf, page 1>
Package pdftex.def Info: ani/cd27.pdf , page1 used on input line 187.
(pdftex.def)             Requested size: 578.15858pt x 433.61894pt.
 <./ani/cd27.pdf> <a2,fr27>
<ani/cd28.pdf, id=1310, page=1, 578.16pt x 433.62pt>
File: ani/cd28.pdf Graphic file (type pdf)
<use ani/cd28.pdf, page 1>
Package pdftex.def Info: ani/cd28.pdf , page1 used on input line 187.
(pdftex.def)             Requested size: 578.15858pt x 433.61894pt.
 <./ani/cd28.pdf> <a2,fr28>
<ani/cd29.pdf, id=1325, page=1, 578.16pt x 433.62pt>
File: ani/cd29.pdf Graphic file (type pdf)
<use ani/cd29.pdf, page 1>
Package pdftex.def Info: ani/cd29.pdf , page1 used on input line 187.
(pdftex.def)             Requested size: 578.15858pt x 433.61894pt.
 <./ani/cd29.pdf> <a2,fr29>
<ani/cd30.pdf, id=1340, page=1, 578.16pt x 433.62pt>
File: ani/cd30.pdf Graphic file (type pdf)
<use ani/cd30.pdf, page 1>
Package pdftex.def Info: ani/cd30.pdf , page1 used on input line 187.
(pdftex.def)             Requested size: 578.15858pt x 433.61894pt.
 <./ani/cd30.pdf> <a2,fr30>
<ani/cd31.pdf, id=1355, page=1, 578.16pt x 433.62pt>
File: ani/cd31.pdf Graphic file (type pdf)
<use ani/cd31.pdf, page 1>
Package pdftex.def Info: ani/cd31.pdf , page1 used on input line 187.
(pdftex.def)             Requested size: 578.15858pt x 433.61894pt.
 <./ani/cd31.pdf> <a2,fr31>
<ani/cd32.pdf, id=1371, page=1, 578.16pt x 433.62pt>
File: ani/cd32.pdf Graphic file (type pdf)
<use ani/cd32.pdf, page 1>
Package pdftex.def Info: ani/cd32.pdf , page1 used on input line 187.
(pdftex.def)             Requested size: 578.15858pt x 433.61894pt.
 <./ani/cd32.pdf> <a2,fr32>
<ani/cd33.pdf, id=1386, page=1, 578.16pt x 433.62pt>
File: ani/cd33.pdf Graphic file (type pdf)
<use ani/cd33.pdf, page 1>
Package pdftex.def Info: ani/cd33.pdf , page1 used on input line 187.
(pdftex.def)             Requested size: 578.15858pt x 433.61894pt.
 <./ani/cd33.pdf> <a2,fr33>
<ani/cd34.pdf, id=1401, page=1, 578.16pt x 433.62pt>
File: ani/cd34.pdf Graphic file (type pdf)
<use ani/cd34.pdf, page 1>
Package pdftex.def Info: ani/cd34.pdf , page1 used on input line 187.
(pdftex.def)             Requested size: 578.15858pt x 433.61894pt.
 <./ani/cd34.pdf> <a2,fr34>
<ani/cd35.pdf, id=1416, page=1, 578.16pt x 433.62pt>
File: ani/cd35.pdf Graphic file (type pdf)
<use ani/cd35.pdf, page 1>
Package pdftex.def Info: ani/cd35.pdf , page1 used on input line 187.
(pdftex.def)             Requested size: 578.15858pt x 433.61894pt.
 <./ani/cd35.pdf> <a2,fr35>
<ani/cd36.pdf, id=1431, page=1, 578.16pt x 433.62pt>
File: ani/cd36.pdf Graphic file (type pdf)
<use ani/cd36.pdf, page 1>
Package pdftex.def Info: ani/cd36.pdf , page1 used on input line 187.
(pdftex.def)             Requested size: 578.15858pt x 433.61894pt.
 <./ani/cd36.pdf> <a2,fr36>
<ani/cd37.pdf, id=1446, page=1, 578.16pt x 433.62pt>
File: ani/cd37.pdf Graphic file (type pdf)
<use ani/cd37.pdf, page 1>
Package pdftex.def Info: ani/cd37.pdf , page1 used on input line 187.
(pdftex.def)             Requested size: 578.15858pt x 433.61894pt.
 <./ani/cd37.pdf>
<a2,fr37>
<ani/cd38.pdf, id=1461, page=1, 578.16pt x 433.62pt>
File: ani/cd38.pdf Graphic file (type pdf)
<use ani/cd38.pdf, page 1>
Package pdftex.def Info: ani/cd38.pdf , page1 used on input line 187.
(pdftex.def)             Requested size: 578.15858pt x 433.61894pt.
 <./ani/cd38.pdf> <a2,fr38>
<ani/cd39.pdf, id=1476, page=1, 578.16pt x 433.62pt>
File: ani/cd39.pdf Graphic file (type pdf)
<use ani/cd39.pdf, page 1>
Package pdftex.def Info: ani/cd39.pdf , page1 used on input line 187.
(pdftex.def)             Requested size: 578.15858pt x 433.61894pt.
 <./ani/cd39.pdf> <a2,fr39>
<ani/cd40.pdf, id=1491, page=1, 578.16pt x 433.62pt>
File: ani/cd40.pdf Graphic file (type pdf)
<use ani/cd40.pdf, page 1>
Package pdftex.def Info: ani/cd40.pdf , page1 used on input line 187.
(pdftex.def)             Requested size: 578.15858pt x 433.61894pt.
 <./ani/cd40.pdf> <a2,fr40> [9

]
LaTeX Font Info:    Trying to load font information for TS1+ptm on input line 1
99.
 (/usr/share/texlive/texmf-dist/tex/latex/psnfss/ts1ptm.fd
File: ts1ptm.fd 2001/06/04 font definitions for TS1/ptm.
)
LaTeX Font Info:    Font shape `OT1/ptm/bx/it' in size <9> not available
(Font)              Font shape `OT1/ptm/b/it' tried instead on input line 199.

[10

] [11

] [12

]
<ani/nm2d0.pdf, id=1549, page=1, 578.16pt x 433.62pt>
File: ani/nm2d0.pdf Graphic file (type pdf)
<use ani/nm2d0.pdf, page 1>
Package pdftex.def Info: ani/nm2d0.pdf , page1 used on input line 240.
(pdftex.def)             Requested size: 578.15858pt x 433.61894pt.
 <./ani/nm2d0.pdf> <a3,fr0>
<ani/nm2d1.pdf, id=1564, page=1, 578.16pt x 433.62pt>
File: ani/nm2d1.pdf Graphic file (type pdf)
<use ani/nm2d1.pdf, page 1>
Package pdftex.def Info: ani/nm2d1.pdf , page1 used on input line 240.
(pdftex.def)             Requested size: 578.15858pt x 433.61894pt.
 <./ani/nm2d1.pdf> <a3,fr1>
<ani/nm2d2.pdf, id=1579, page=1, 578.16pt x 433.62pt>
File: ani/nm2d2.pdf Graphic file (type pdf)
<use ani/nm2d2.pdf, page 1>
Package pdftex.def Info: ani/nm2d2.pdf , page1 used on input line 240.
(pdftex.def)             Requested size: 578.15858pt x 433.61894pt.
 <./ani/nm2d2.pdf> <a3,fr2>
<ani/nm2d3.pdf, id=1594, page=1, 578.16pt x 433.62pt>
File: ani/nm2d3.pdf Graphic file (type pdf)
<use ani/nm2d3.pdf, page 1>
Package pdftex.def Info: ani/nm2d3.pdf , page1 used on input line 240.
(pdftex.def)             Requested size: 578.15858pt x 433.61894pt.
 <./ani/nm2d3.pdf> <a3,fr3>
<ani/nm2d4.pdf, id=1609, page=1, 578.16pt x 433.62pt>
File: ani/nm2d4.pdf Graphic file (type pdf)
<use ani/nm2d4.pdf, page 1>
Package pdftex.def Info: ani/nm2d4.pdf , page1 used on input line 240.
(pdftex.def)             Requested size: 578.15858pt x 433.61894pt.
 <./ani/nm2d4.pdf> <a3,fr4>
<ani/nm2d5.pdf, id=1624, page=1, 578.16pt x 433.62pt>
File: ani/nm2d5.pdf Graphic file (type pdf)
<use ani/nm2d5.pdf, page 1>
Package pdftex.def Info: ani/nm2d5.pdf , page1 used on input line 240.
(pdftex.def)             Requested size: 578.15858pt x 433.61894pt.
 <./ani/nm2d5.pdf> <a3,fr5>
<ani/nm2d6.pdf, id=1639, page=1, 578.16pt x 433.62pt>
File: ani/nm2d6.pdf Graphic file (type pdf)
<use ani/nm2d6.pdf, page 1>
Package pdftex.def Info: ani/nm2d6.pdf , page1 used on input line 240.
(pdftex.def)             Requested size: 578.15858pt x 433.61894pt.
 <./ani/nm2d6.pdf> <a3,fr6>
<ani/nm2d7.pdf, id=1655, page=1, 578.16pt x 433.62pt>
File: ani/nm2d7.pdf Graphic file (type pdf)
<use ani/nm2d7.pdf, page 1>
Package pdftex.def Info: ani/nm2d7.pdf , page1 used on input line 240.
(pdftex.def)             Requested size: 578.15858pt x 433.61894pt.
 <./ani/nm2d7.pdf> <a3,fr7>
<ani/nm2d8.pdf, id=1670, page=1, 578.16pt x 433.62pt>
File: ani/nm2d8.pdf Graphic file (type pdf)
<use ani/nm2d8.pdf, page 1>
Package pdftex.def Info: ani/nm2d8.pdf , page1 used on input line 240.
(pdftex.def)             Requested size: 578.15858pt x 433.61894pt.
 <./ani/nm2d8.pdf> <a3,fr8>
<ani/nm2d9.pdf, id=1685, page=1, 578.16pt x 433.62pt>
File: ani/nm2d9.pdf Graphic file (type pdf)
<use ani/nm2d9.pdf, page 1>
Package pdftex.def Info: ani/nm2d9.pdf , page1 used on input line 240.
(pdftex.def)             Requested size: 578.15858pt x 433.61894pt.
 <./ani/nm2d9.pdf> <a3,fr9>
<ani/nm2d10.pdf, id=1700, page=1, 578.16pt x 433.62pt>
File: ani/nm2d10.pdf Graphic file (type pdf)
<use ani/nm2d10.pdf, page 1>
Package pdftex.def Info: ani/nm2d10.pdf , page1 used on input line 240.
(pdftex.def)             Requested size: 578.15858pt x 433.61894pt.
 <./ani/nm2d10.pdf> <a3,fr10>
<ani/nm2d11.pdf, id=1715, page=1, 578.16pt x 433.62pt>
File: ani/nm2d11.pdf Graphic file (type pdf)
<use ani/nm2d11.pdf, page 1>
Package pdftex.def Info: ani/nm2d11.pdf , page1 used on input line 240.
(pdftex.def)             Requested size: 578.15858pt x 433.61894pt.
 <./ani/nm2d11.pdf> <a3,fr11>
<ani/nm2d12.pdf, id=1730, page=1, 578.16pt x 433.62pt>
File: ani/nm2d12.pdf Graphic file (type pdf)
<use ani/nm2d12.pdf, page 1>
Package pdftex.def Info: ani/nm2d12.pdf , page1 used on input line 240.
(pdftex.def)             Requested size: 578.15858pt x 433.61894pt.
 <./ani/nm2d12.pdf> <a3,fr12>
<ani/nm2d13.pdf, id=1745, page=1, 578.16pt x 433.62pt>
File: ani/nm2d13.pdf Graphic file (type pdf)
<use ani/nm2d13.pdf, page 1>
Package pdftex.def Info: ani/nm2d13.pdf , page1 used on input line 240.
(pdftex.def)             Requested size: 578.15858pt x 433.61894pt.
 <./ani/nm2d13.pdf>
<a3,fr13>
<ani/nm2d14.pdf, id=1760, page=1, 578.16pt x 433.62pt>
File: ani/nm2d14.pdf Graphic file (type pdf)
<use ani/nm2d14.pdf, page 1>
Package pdftex.def Info: ani/nm2d14.pdf , page1 used on input line 240.
(pdftex.def)             Requested size: 578.15858pt x 433.61894pt.
 <./ani/nm2d14.pdf> <a3,fr14>
<ani/nm2d15.pdf, id=1775, page=1, 578.16pt x 433.62pt>
File: ani/nm2d15.pdf Graphic file (type pdf)
<use ani/nm2d15.pdf, page 1>
Package pdftex.def Info: ani/nm2d15.pdf , page1 used on input line 240.
(pdftex.def)             Requested size: 578.15858pt x 433.61894pt.
 <./ani/nm2d15.pdf> <a3,fr15>
<ani/nm2d16.pdf, id=1790, page=1, 578.16pt x 433.62pt>
File: ani/nm2d16.pdf Graphic file (type pdf)
<use ani/nm2d16.pdf, page 1>
Package pdftex.def Info: ani/nm2d16.pdf , page1 used on input line 240.
(pdftex.def)             Requested size: 578.15858pt x 433.61894pt.
 <./ani/nm2d16.pdf> <a3,fr16>
<ani/nm2d17.pdf, id=1805, page=1, 578.16pt x 433.62pt>
File: ani/nm2d17.pdf Graphic file (type pdf)
<use ani/nm2d17.pdf, page 1>
Package pdftex.def Info: ani/nm2d17.pdf , page1 used on input line 240.
(pdftex.def)             Requested size: 578.15858pt x 433.61894pt.
 <./ani/nm2d17.pdf> <a3,fr17>
<ani/nm2d18.pdf, id=1820, page=1, 578.16pt x 433.62pt>
File: ani/nm2d18.pdf Graphic file (type pdf)
<use ani/nm2d18.pdf, page 1>
Package pdftex.def Info: ani/nm2d18.pdf , page1 used on input line 240.
(pdftex.def)             Requested size: 578.15858pt x 433.61894pt.
 <./ani/nm2d18.pdf> <a3,fr18>
<ani/nm2d19.pdf, id=1836, page=1, 578.16pt x 433.62pt>
File: ani/nm2d19.pdf Graphic file (type pdf)
<use ani/nm2d19.pdf, page 1>
Package pdftex.def Info: ani/nm2d19.pdf , page1 used on input line 240.
(pdftex.def)             Requested size: 578.15858pt x 433.61894pt.
 <./ani/nm2d19.pdf> <a3,fr19>
<ani/nm2d20.pdf, id=1851, page=1, 578.16pt x 433.62pt>
File: ani/nm2d20.pdf Graphic file (type pdf)
<use ani/nm2d20.pdf, page 1>
Package pdftex.def Info: ani/nm2d20.pdf , page1 used on input line 240.
(pdftex.def)             Requested size: 578.15858pt x 433.61894pt.
 <./ani/nm2d20.pdf> <a3,fr20>
<ani/nm2d21.pdf, id=1866, page=1, 578.16pt x 433.62pt>
File: ani/nm2d21.pdf Graphic file (type pdf)
<use ani/nm2d21.pdf, page 1>
Package pdftex.def Info: ani/nm2d21.pdf , page1 used on input line 240.
(pdftex.def)             Requested size: 578.15858pt x 433.61894pt.
 <./ani/nm2d21.pdf>
<a3,fr21>
<ani/nm2d22.pdf, id=1881, page=1, 578.16pt x 433.62pt>
File: ani/nm2d22.pdf Graphic file (type pdf)
<use ani/nm2d22.pdf, page 1>
Package pdftex.def Info: ani/nm2d22.pdf , page1 used on input line 240.
(pdftex.def)             Requested size: 578.15858pt x 433.61894pt.
 <./ani/nm2d22.pdf> <a3,fr22>
<ani/nm2d23.pdf, id=1896, page=1, 578.16pt x 433.62pt>
File: ani/nm2d23.pdf Graphic file (type pdf)
<use ani/nm2d23.pdf, page 1>
Package pdftex.def Info: ani/nm2d23.pdf , page1 used on input line 240.
(pdftex.def)             Requested size: 578.15858pt x 433.61894pt.
 <./ani/nm2d23.pdf> <a3,fr23>
<ani/nm2d24.pdf, id=1911, page=1, 578.16pt x 433.62pt>
File: ani/nm2d24.pdf Graphic file (type pdf)
<use ani/nm2d24.pdf, page 1>
Package pdftex.def Info: ani/nm2d24.pdf , page1 used on input line 240.
(pdftex.def)             Requested size: 578.15858pt x 433.61894pt.
 <./ani/nm2d24.pdf> <a3,fr24>
<ani/nm2d25.pdf, id=1926, page=1, 578.16pt x 433.62pt>
File: ani/nm2d25.pdf Graphic file (type pdf)
<use ani/nm2d25.pdf, page 1>
Package pdftex.def Info: ani/nm2d25.pdf , page1 used on input line 240.
(pdftex.def)             Requested size: 578.15858pt x 433.61894pt.
 <./ani/nm2d25.pdf> <a3,fr25>
<ani/nm2d26.pdf, id=1941, page=1, 578.16pt x 433.62pt>
File: ani/nm2d26.pdf Graphic file (type pdf)
<use ani/nm2d26.pdf, page 1>
Package pdftex.def Info: ani/nm2d26.pdf , page1 used on input line 240.
(pdftex.def)             Requested size: 578.15858pt x 433.61894pt.
 <./ani/nm2d26.pdf> <a3,fr26>
<ani/nm2d27.pdf, id=1956, page=1, 578.16pt x 433.62pt>
File: ani/nm2d27.pdf Graphic file (type pdf)
<use ani/nm2d27.pdf, page 1>
Package pdftex.def Info: ani/nm2d27.pdf , page1 used on input line 240.
(pdftex.def)             Requested size: 578.15858pt x 433.61894pt.
 <./ani/nm2d27.pdf> <a3,fr27>
<ani/nm2d28.pdf, id=1971, page=1, 578.16pt x 433.62pt>
File: ani/nm2d28.pdf Graphic file (type pdf)
<use ani/nm2d28.pdf, page 1>
Package pdftex.def Info: ani/nm2d28.pdf , page1 used on input line 240.
(pdftex.def)             Requested size: 578.15858pt x 433.61894pt.
 <./ani/nm2d28.pdf> <a3,fr28>
<ani/nm2d29.pdf, id=1986, page=1, 578.16pt x 433.62pt>
File: ani/nm2d29.pdf Graphic file (type pdf)
<use ani/nm2d29.pdf, page 1>
Package pdftex.def Info: ani/nm2d29.pdf , page1 used on input line 240.
(pdftex.def)             Requested size: 578.15858pt x 433.61894pt.
 <./ani/nm2d29.pdf>
<a3,fr29>
<ani/nm2d30.pdf, id=2001, page=1, 578.16pt x 433.62pt>
File: ani/nm2d30.pdf Graphic file (type pdf)
<use ani/nm2d30.pdf, page 1>
Package pdftex.def Info: ani/nm2d30.pdf , page1 used on input line 240.
(pdftex.def)             Requested size: 578.15858pt x 433.61894pt.
 <./ani/nm2d30.pdf> <a3,fr30>
<ani/nm2d31.pdf, id=2016, page=1, 578.16pt x 433.62pt>
File: ani/nm2d31.pdf Graphic file (type pdf)
<use ani/nm2d31.pdf, page 1>
Package pdftex.def Info: ani/nm2d31.pdf , page1 used on input line 240.
(pdftex.def)             Requested size: 578.15858pt x 433.61894pt.
 <./ani/nm2d31.pdf> <a3,fr31>
<ani/nm2d32.pdf, id=2032, page=1, 578.16pt x 433.62pt>
File: ani/nm2d32.pdf Graphic file (type pdf)
<use ani/nm2d32.pdf, page 1>
Package pdftex.def Info: ani/nm2d32.pdf , page1 used on input line 240.
(pdftex.def)             Requested size: 578.15858pt x 433.61894pt.
 <./ani/nm2d32.pdf> <a3,fr32>
<ani/nm2d33.pdf, id=2047, page=1, 578.16pt x 433.62pt>
File: ani/nm2d33.pdf Graphic file (type pdf)
<use ani/nm2d33.pdf, page 1>
Package pdftex.def Info: ani/nm2d33.pdf , page1 used on input line 240.
(pdftex.def)             Requested size: 578.15858pt x 433.61894pt.
 <./ani/nm2d33.pdf> <a3,fr33>
<ani/nm2d34.pdf, id=2062, page=1, 578.16pt x 433.62pt>
File: ani/nm2d34.pdf Graphic file (type pdf)
<use ani/nm2d34.pdf, page 1>
Package pdftex.def Info: ani/nm2d34.pdf , page1 used on input line 240.
(pdftex.def)             Requested size: 578.15858pt x 433.61894pt.
 <./ani/nm2d34.pdf> <a3,fr34>
<ani/nm2d35.pdf, id=2077, page=1, 578.16pt x 433.62pt>
File: ani/nm2d35.pdf Graphic file (type pdf)
<use ani/nm2d35.pdf, page 1>
Package pdftex.def Info: ani/nm2d35.pdf , page1 used on input line 240.
(pdftex.def)             Requested size: 578.15858pt x 433.61894pt.
 <./ani/nm2d35.pdf> <a3,fr35>
<ani/nm2d36.pdf, id=2092, page=1, 578.16pt x 433.62pt>
File: ani/nm2d36.pdf Graphic file (type pdf)
<use ani/nm2d36.pdf, page 1>
Package pdftex.def Info: ani/nm2d36.pdf , page1 used on input line 240.
(pdftex.def)             Requested size: 578.15858pt x 433.61894pt.
 <./ani/nm2d36.pdf> <a3,fr36>
<ani/nm2d37.pdf, id=2107, page=1, 578.16pt x 433.62pt>
File: ani/nm2d37.pdf Graphic file (type pdf)
<use ani/nm2d37.pdf, page 1>
Package pdftex.def Info: ani/nm2d37.pdf , page1 used on input line 240.
(pdftex.def)             Requested size: 578.15858pt x 433.61894pt.
 <./ani/nm2d37.pdf>
<a3,fr37>
<ani/nm2d38.pdf, id=2122, page=1, 578.16pt x 433.62pt>
File: ani/nm2d38.pdf Graphic file (type pdf)
<use ani/nm2d38.pdf, page 1>
Package pdftex.def Info: ani/nm2d38.pdf , page1 used on input line 240.
(pdftex.def)             Requested size: 578.15858pt x 433.61894pt.
 <./ani/nm2d38.pdf> <a3,fr38>
<ani/nm2d39.pdf, id=2137, page=1, 578.16pt x 433.62pt>
File: ani/nm2d39.pdf Graphic file (type pdf)
<use ani/nm2d39.pdf, page 1>
Package pdftex.def Info: ani/nm2d39.pdf , page1 used on input line 240.
(pdftex.def)             Requested size: 578.15858pt x 433.61894pt.
 <./ani/nm2d39.pdf> <a3,fr39>
<ani/nm2d40.pdf, id=2152, page=1, 578.16pt x 433.62pt>
File: ani/nm2d40.pdf Graphic file (type pdf)
<use ani/nm2d40.pdf, page 1>
Package pdftex.def Info: ani/nm2d40.pdf , page1 used on input line 240.
(pdftex.def)             Requested size: 578.15858pt x 433.61894pt.
 <./ani/nm2d40.pdf> <a3,fr40>
<ani/nm2d41.pdf, id=2167, page=1, 578.16pt x 433.62pt>
File: ani/nm2d41.pdf Graphic file (type pdf)
<use ani/nm2d41.pdf, page 1>
Package pdftex.def Info: ani/nm2d41.pdf , page1 used on input line 240.
(pdftex.def)             Requested size: 578.15858pt x 433.61894pt.
 <./ani/nm2d41.pdf> <a3,fr41>
<ani/nm2d42.pdf, id=2182, page=1, 578.16pt x 433.62pt>
File: ani/nm2d42.pdf Graphic file (type pdf)
<use ani/nm2d42.pdf, page 1>
Package pdftex.def Info: ani/nm2d42.pdf , page1 used on input line 240.
(pdftex.def)             Requested size: 578.15858pt x 433.61894pt.
 <./ani/nm2d42.pdf> <a3,fr42>
<ani/nm2d43.pdf, id=2197, page=1, 578.16pt x 433.62pt>
File: ani/nm2d43.pdf Graphic file (type pdf)
<use ani/nm2d43.pdf, page 1>
Package pdftex.def Info: ani/nm2d43.pdf , page1 used on input line 240.
(pdftex.def)             Requested size: 578.15858pt x 433.61894pt.
 <./ani/nm2d43.pdf> <a3,fr43>
<ani/nm2d44.pdf, id=2213, page=1, 578.16pt x 433.62pt>
File: ani/nm2d44.pdf Graphic file (type pdf)
<use ani/nm2d44.pdf, page 1>
Package pdftex.def Info: ani/nm2d44.pdf , page1 used on input line 240.
(pdftex.def)             Requested size: 578.15858pt x 433.61894pt.
 <./ani/nm2d44.pdf> <a3,fr44>
<ani/nm2d45.pdf, id=2228, page=1, 578.16pt x 433.62pt>
File: ani/nm2d45.pdf Graphic file (type pdf)
<use ani/nm2d45.pdf, page 1>
Package pdftex.def Info: ani/nm2d45.pdf , page1 used on input line 240.
(pdftex.def)             Requested size: 578.15858pt x 433.61894pt.
 <./ani/nm2d45.pdf>
<a3,fr45>
<ani/nm2d46.pdf, id=2243, page=1, 578.16pt x 433.62pt>
File: ani/nm2d46.pdf Graphic file (type pdf)
<use ani/nm2d46.pdf, page 1>
Package pdftex.def Info: ani/nm2d46.pdf , page1 used on input line 240.
(pdftex.def)             Requested size: 578.15858pt x 433.61894pt.
 <./ani/nm2d46.pdf> <a3,fr46>
<ani/nm2d47.pdf, id=2258, page=1, 578.16pt x 433.62pt>
File: ani/nm2d47.pdf Graphic file (type pdf)
<use ani/nm2d47.pdf, page 1>
Package pdftex.def Info: ani/nm2d47.pdf , page1 used on input line 240.
(pdftex.def)             Requested size: 578.15858pt x 433.61894pt.
 <./ani/nm2d47.pdf> <a3,fr47>
<ani/nm2d48.pdf, id=2273, page=1, 578.16pt x 433.62pt>
File: ani/nm2d48.pdf Graphic file (type pdf)
<use ani/nm2d48.pdf, page 1>
Package pdftex.def Info: ani/nm2d48.pdf , page1 used on input line 240.
(pdftex.def)             Requested size: 578.15858pt x 433.61894pt.
 <./ani/nm2d48.pdf> <a3,fr48>
<ani/nm2d49.pdf, id=2288, page=1, 578.16pt x 433.62pt>
File: ani/nm2d49.pdf Graphic file (type pdf)
<use ani/nm2d49.pdf, page 1>
Package pdftex.def Info: ani/nm2d49.pdf , page1 used on input line 240.
(pdftex.def)             Requested size: 578.15858pt x 433.61894pt.
 <./ani/nm2d49.pdf> <a3,fr49>
<ani/nm2d50.pdf, id=2303, page=1, 578.16pt x 433.62pt>
File: ani/nm2d50.pdf Graphic file (type pdf)
<use ani/nm2d50.pdf, page 1>
Package pdftex.def Info: ani/nm2d50.pdf , page1 used on input line 240.
(pdftex.def)             Requested size: 578.15858pt x 433.61894pt.
 <./ani/nm2d50.pdf> <a3,fr50>
<ani/nm2d51.pdf, id=2318, page=1, 578.16pt x 433.62pt>
File: ani/nm2d51.pdf Graphic file (type pdf)
<use ani/nm2d51.pdf, page 1>
Package pdftex.def Info: ani/nm2d51.pdf , page1 used on input line 240.
(pdftex.def)             Requested size: 578.15858pt x 433.61894pt.
 <./ani/nm2d51.pdf> <a3,fr51>
<ani/nm2d52.pdf, id=2333, page=1, 578.16pt x 433.62pt>
File: ani/nm2d52.pdf Graphic file (type pdf)
<use ani/nm2d52.pdf, page 1>
Package pdftex.def Info: ani/nm2d52.pdf , page1 used on input line 240.
(pdftex.def)             Requested size: 578.15858pt x 433.61894pt.
 <./ani/nm2d52.pdf> <a3,fr52>
<ani/nm2d53.pdf, id=2348, page=1, 578.16pt x 433.62pt>
File: ani/nm2d53.pdf Graphic file (type pdf)
<use ani/nm2d53.pdf, page 1>
Package pdftex.def Info: ani/nm2d53.pdf , page1 used on input line 240.
(pdftex.def)             Requested size: 578.15858pt x 433.61894pt.
 <./ani/nm2d53.pdf>
<a3,fr53>
<ani/nm2d54.pdf, id=2363, page=1, 578.16pt x 433.62pt>
File: ani/nm2d54.pdf Graphic file (type pdf)
<use ani/nm2d54.pdf, page 1>
Package pdftex.def Info: ani/nm2d54.pdf , page1 used on input line 240.
(pdftex.def)             Requested size: 578.15858pt x 433.61894pt.
 <./ani/nm2d54.pdf> <a3,fr54>
<ani/nm2d55.pdf, id=2378, page=1, 578.16pt x 433.62pt>
File: ani/nm2d55.pdf Graphic file (type pdf)
<use ani/nm2d55.pdf, page 1>
Package pdftex.def Info: ani/nm2d55.pdf , page1 used on input line 240.
(pdftex.def)             Requested size: 578.15858pt x 433.61894pt.
 <./ani/nm2d55.pdf> <a3,fr55>
<ani/nm2d56.pdf, id=2393, page=1, 578.16pt x 433.62pt>
File: ani/nm2d56.pdf Graphic file (type pdf)
<use ani/nm2d56.pdf, page 1>
Package pdftex.def Info: ani/nm2d56.pdf , page1 used on input line 240.
(pdftex.def)             Requested size: 578.15858pt x 433.61894pt.
 <./ani/nm2d56.pdf> <a3,fr56>
<ani/nm2d57.pdf, id=2409, page=1, 578.16pt x 433.62pt>
File: ani/nm2d57.pdf Graphic file (type pdf)
<use ani/nm2d57.pdf, page 1>
Package pdftex.def Info: ani/nm2d57.pdf , page1 used on input line 240.
(pdftex.def)             Requested size: 578.15858pt x 433.61894pt.
 <./ani/nm2d57.pdf> <a3,fr57>
<ani/nm2d58.pdf, id=2424, page=1, 578.16pt x 433.62pt>
File: ani/nm2d58.pdf Graphic file (type pdf)
<use ani/nm2d58.pdf, page 1>
Package pdftex.def Info: ani/nm2d58.pdf , page1 used on input line 240.
(pdftex.def)             Requested size: 578.15858pt x 433.61894pt.
 <./ani/nm2d58.pdf> <a3,fr58>
<ani/nm2d59.pdf, id=2439, page=1, 578.16pt x 433.62pt>
File: ani/nm2d59.pdf Graphic file (type pdf)
<use ani/nm2d59.pdf, page 1>
Package pdftex.def Info: ani/nm2d59.pdf , page1 used on input line 240.
(pdftex.def)             Requested size: 578.15858pt x 433.61894pt.
 <./ani/nm2d59.pdf> <a3,fr59>
<ani/nm2d60.pdf, id=2454, page=1, 578.16pt x 433.62pt>
File: ani/nm2d60.pdf Graphic file (type pdf)
<use ani/nm2d60.pdf, page 1>
Package pdftex.def Info: ani/nm2d60.pdf , page1 used on input line 240.
(pdftex.def)             Requested size: 578.15858pt x 433.61894pt.
 <./ani/nm2d60.pdf> <a3,fr60>
<ani/nm2d61.pdf, id=2469, page=1, 578.16pt x 433.62pt>
File: ani/nm2d61.pdf Graphic file (type pdf)
<use ani/nm2d61.pdf, page 1>
Package pdftex.def Info: ani/nm2d61.pdf , page1 used on input line 240.
(pdftex.def)             Requested size: 578.15858pt x 433.61894pt.
 <./ani/nm2d61.pdf>
<a3,fr61>
<ani/nm2d62.pdf, id=2484, page=1, 578.16pt x 433.62pt>
File: ani/nm2d62.pdf Graphic file (type pdf)
<use ani/nm2d62.pdf, page 1>
Package pdftex.def Info: ani/nm2d62.pdf , page1 used on input line 240.
(pdftex.def)             Requested size: 578.15858pt x 433.61894pt.
 <./ani/nm2d62.pdf> <a3,fr62>
<ani/nm2d63.pdf, id=2499, page=1, 578.16pt x 433.62pt>
File: ani/nm2d63.pdf Graphic file (type pdf)
<use ani/nm2d63.pdf, page 1>
Package pdftex.def Info: ani/nm2d63.pdf , page1 used on input line 240.
(pdftex.def)             Requested size: 578.15858pt x 433.61894pt.
 <./ani/nm2d63.pdf> <a3,fr63>
<ani/nm2d64.pdf, id=2514, page=1, 578.16pt x 433.62pt>
File: ani/nm2d64.pdf Graphic file (type pdf)
<use ani/nm2d64.pdf, page 1>
Package pdftex.def Info: ani/nm2d64.pdf , page1 used on input line 240.
(pdftex.def)             Requested size: 578.15858pt x 433.61894pt.
 <./ani/nm2d64.pdf> <a3,fr64>
<ani/nm2d65.pdf, id=2529, page=1, 578.16pt x 433.62pt>
File: ani/nm2d65.pdf Graphic file (type pdf)
<use ani/nm2d65.pdf, page 1>
Package pdftex.def Info: ani/nm2d65.pdf , page1 used on input line 240.
(pdftex.def)             Requested size: 578.15858pt x 433.61894pt.
 <./ani/nm2d65.pdf> <a3,fr65>
<ani/nm2d66.pdf, id=2544, page=1, 578.16pt x 433.62pt>
File: ani/nm2d66.pdf Graphic file (type pdf)
<use ani/nm2d66.pdf, page 1>
Package pdftex.def Info: ani/nm2d66.pdf , page1 used on input line 240.
(pdftex.def)             Requested size: 578.15858pt x 433.61894pt.
 <./ani/nm2d66.pdf> <a3,fr66>
<ani/nm2d67.pdf, id=2559, page=1, 578.16pt x 433.62pt>
File: ani/nm2d67.pdf Graphic file (type pdf)
<use ani/nm2d67.pdf, page 1>
Package pdftex.def Info: ani/nm2d67.pdf , page1 used on input line 240.
(pdftex.def)             Requested size: 578.15858pt x 433.61894pt.
 <./ani/nm2d67.pdf> <a3,fr67>
<ani/nm2d68.pdf, id=2574, page=1, 578.16pt x 433.62pt>
File: ani/nm2d68.pdf Graphic file (type pdf)
<use ani/nm2d68.pdf, page 1>
Package pdftex.def Info: ani/nm2d68.pdf , page1 used on input line 240.
(pdftex.def)             Requested size: 578.15858pt x 433.61894pt.
 <./ani/nm2d68.pdf> <a3,fr68>
<ani/nm2d69.pdf, id=2590, page=1, 578.16pt x 433.62pt>
File: ani/nm2d69.pdf Graphic file (type pdf)
<use ani/nm2d69.pdf, page 1>
Package pdftex.def Info: ani/nm2d69.pdf , page1 used on input line 240.
(pdftex.def)             Requested size: 578.15858pt x 433.61894pt.
 <./ani/nm2d69.pdf>
<a3,fr69>
<ani/nm2d70.pdf, id=2605, page=1, 578.16pt x 433.62pt>
File: ani/nm2d70.pdf Graphic file (type pdf)
<use ani/nm2d70.pdf, page 1>
Package pdftex.def Info: ani/nm2d70.pdf , page1 used on input line 240.
(pdftex.def)             Requested size: 578.15858pt x 433.61894pt.
 <./ani/nm2d70.pdf> <a3,fr70>
<ani/nm2d71.pdf, id=2620, page=1, 578.16pt x 433.62pt>
File: ani/nm2d71.pdf Graphic file (type pdf)
<use ani/nm2d71.pdf, page 1>
Package pdftex.def Info: ani/nm2d71.pdf , page1 used on input line 240.
(pdftex.def)             Requested size: 578.15858pt x 433.61894pt.
 <./ani/nm2d71.pdf> <a3,fr71>
<ani/nm2d72.pdf, id=2635, page=1, 578.16pt x 433.62pt>
File: ani/nm2d72.pdf Graphic file (type pdf)
<use ani/nm2d72.pdf, page 1>
Package pdftex.def Info: ani/nm2d72.pdf , page1 used on input line 240.
(pdftex.def)             Requested size: 578.15858pt x 433.61894pt.
 <./ani/nm2d72.pdf> <a3,fr72>
<ani/nm2d73.pdf, id=2650, page=1, 578.16pt x 433.62pt>
File: ani/nm2d73.pdf Graphic file (type pdf)
<use ani/nm2d73.pdf, page 1>
Package pdftex.def Info: ani/nm2d73.pdf , page1 used on input line 240.
(pdftex.def)             Requested size: 578.15858pt x 433.61894pt.
 <./ani/nm2d73.pdf> <a3,fr73>
<ani/nm2d74.pdf, id=2665, page=1, 578.16pt x 433.62pt>
File: ani/nm2d74.pdf Graphic file (type pdf)
<use ani/nm2d74.pdf, page 1>
Package pdftex.def Info: ani/nm2d74.pdf , page1 used on input line 240.
(pdftex.def)             Requested size: 578.15858pt x 433.61894pt.
 <./ani/nm2d74.pdf> <a3,fr74>
<ani/nm2d75.pdf, id=2680, page=1, 578.16pt x 433.62pt>
File: ani/nm2d75.pdf Graphic file (type pdf)
<use ani/nm2d75.pdf, page 1>
Package pdftex.def Info: ani/nm2d75.pdf , page1 used on input line 240.
(pdftex.def)             Requested size: 578.15858pt x 433.61894pt.
 <./ani/nm2d75.pdf> <a3,fr75>
<ani/nm2d76.pdf, id=2695, page=1, 578.16pt x 433.62pt>
File: ani/nm2d76.pdf Graphic file (type pdf)
<use ani/nm2d76.pdf, page 1>
Package pdftex.def Info: ani/nm2d76.pdf , page1 used on input line 240.
(pdftex.def)             Requested size: 578.15858pt x 433.61894pt.
 <./ani/nm2d76.pdf> <a3,fr76> [13

]
LaTeX Font Info:    Trying to load font information for OT1+pcr on input line 2
56.

(/usr/share/texlive/texmf-dist/tex/latex/psnfss/ot1pcr.fd
File: ot1pcr.fd 2001/06/04 font definitions for OT1/pcr.
) [14

]
\openout4 = `opt.vrb'.

 (./opt.vrb)
[15

]
\openout4 = `opt.vrb'.

 (./opt.vrb) [16

] [17

]
\openout4 = `opt.vrb'.

 (./opt.vrb) [18

]
\tf@nav=\write6
\openout6 = `opt.nav'.

\tf@toc=\write7
\openout7 = `opt.toc'.

\tf@snm=\write8
\openout8 = `opt.snm'.

Package atveryend Info: Empty hook `BeforeClearDocument' on input line 332.
Package atveryend Info: Empty hook `AfterLastShipout' on input line 332.
 (./opt.aux)
Package atveryend Info: Executing hook `AtVeryEndDocument' on input line 332.
Package atveryend Info: Executing hook `AtEndAfterFileList' on input line 332.
Package rerunfilecheck Info: File `opt.out' has not changed.
(rerunfilecheck)             Checksum: D41D8CD98F00B204E9800998ECF8427E;0.
 ) 
Here is how much of TeX's memory you used:
 21694 strings out of 483065
 420035 string characters out of 5963550
 688367 words of memory out of 5000000
 35952 multiletter control sequences out of 15000+600000
 585819 words of font info for 137 fonts, out of 8000000 for 9000
 81 hyphenation exceptions out of 8191
 58i,11n,67p,770b,488s stack positions out of 5000i,500n,10000p,200000b,80000s
{/usr/share/texlive/texmf-dist/fonts/enc/dvips/base/8r.enc}</usr/share/texliv
e/texmf-dist/fonts/type1/public/amsfonts/cm/cmbx10.pfb></usr/share/texlive/texm
f-dist/fonts/type1/public/amsfonts/cm/cmex10.pfb></usr/share/texlive/texmf-dist
/fonts/type1/public/amsfonts/cm/cmmi10.pfb></usr/share/texlive/texmf-dist/fonts
/type1/public/amsfonts/cm/cmmi7.pfb></usr/share/texlive/texmf-dist/fonts/type1/
public/amsfonts/cm/cmmi8.pfb></usr/share/texlive/texmf-dist/fonts/type1/public/
amsfonts/cm/cmmib10.pfb></usr/share/texlive/texmf-dist/fonts/type1/public/amsfo
nts/cmextra/cmmib7.pfb></usr/share/texlive/texmf-dist/fonts/type1/public/amsfon
ts/cm/cmr10.pfb></usr/share/texlive/texmf-dist/fonts/type1/public/amsfonts/cm/c
mr7.pfb></usr/share/texlive/texmf-dist/fonts/type1/public/amsfonts/cm/cmr8.pfb>
</usr/share/texlive/texmf-dist/fonts/type1/public/amsfonts/cm/cmsy10.pfb></usr/
share/texlive/texmf-dist/fonts/type1/public/amsfonts/cm/cmsy8.pfb></usr/share/t
exlive/texmf-dist/fonts/type1/public/amsfonts/symbols/msam10.pfb></usr/share/te
xlive/texmf-dist/fonts/type1/urw/courier/ucrr8a.pfb></usr/share/texlive/texmf-d
ist/fonts/type1/urw/helvetic/uhvr8a.pfb></usr/share/texlive/texmf-dist/fonts/ty
pe1/urw/times/utmb8a.pfb></usr/share/texlive/texmf-dist/fonts/type1/urw/times/u
tmbi8a.pfb></usr/share/texlive/texmf-dist/fonts/type1/urw/times/utmr8a.pfb></us
r/share/texlive/texmf-dist/fonts/type1/urw/times/utmri8a.pfb>
Output written on opt.pdf (18 pages, 3574061 bytes).
PDF statistics:
 2841 PDF objects out of 2984 (max. 8388607)
 1767 compressed objects within 18 object streams
 37 named destinations out of 1000 (max. 500000)
 4918 words of extra memory for PDF output out of 10000 (max. 10000000)

